[  2] Utilization = 0.02 | pJ/Compute =  140.712 | L5[WIO] M8 - L4[IO] M4 N64 C283 - L3[] Q1 M4Y - L2[I] Q1 - L1[W] Q1 - L0[O] Q1 
[  7] Utilization = 0.01 | pJ/Compute =   58.519 | L5[WIO] M8 C283 - L4[IO] M4 N64 M2X - L3[] Q1 - L2[I] Q1 - L1[W] Q1 - L0[O] M2 
[  3] Utilization = 0.02 | pJ/Compute =   58.637 | L5[WIO] M8 C283 - L4[IO] M4 N64 - L3[] Q1 M4Y - L2[I] Q1 - L1[W] Q1 - L0[O] Q1 
[  6] Utilization = 0.01 | pJ/Compute =  140.594 | L5[WIO] M8 - L4[IO] M4 N64 C283 M2X - L3[] Q1 - L2[I] Q1 - L1[W] Q1 - L0[O] M2 
[  2] Utilization = 0.05 | pJ/Compute =  137.118 | L5[WIO] N32 M4 - L4[IO] M2 N2 C283 M4X - L3[] Q1 M2Y - L2[I] Q1 - L1[W] Q1 - L0[O] M2 
[  6] Utilization = 0.01 | pJ/Compute =  136.435 | L5[WIO] N32 - L4[IO] M4 N2 C283 - L3[] Q1 M2Y - L2[I] Q1 - L1[W] Q1 - L0[O] M16 
[  2] Utilization = 0.10 | pJ/Compute =  137.236 | L5[WIO] Q1 - L4[IO] M8 N64 C283 M8X - L3[] Q1 M2Y - L2[I] Q1 - L1[W] Q1 - L0[O] Q1 
[  3] Utilization = 0.05 | pJ/Compute =  113.224 | L5[WIO] N32 M4 C283 - L4[IO] M2 N2 M4X - L3[] Q1 M2Y - L2[I] Q1 - L1[W] Q1 - L0[O] M2 
[  7] Utilization = 0.09 | pJ/Compute =  113.342 | L5[WIO] N32 M4 C283 - L4[IO] M2 N2 M4X - L3[] Q1 M4Y - L2[I] Q1 - L1[W] Q1 - L0[O] Q1 
[  6] Utilization = 0.10 | pJ/Compute =  137.236 | L5[WIO] N32 M4 - L4[IO] M2 N2 C283 M4X - L3[] Q1 M4Y - L2[I] Q1 - L1[W] Q1 - L0[O] Q1 
[  3] Utilization = 0.09 | pJ/Compute =   47.133 | L5[WIO] C283 - L4[IO] M8 N64 M8X - L3[] Q1 M2Y - L2[I] Q1 - L1[W] Q1 - L0[O] Q1 
[  7] Utilization = 0.09 | pJ/Compute =   62.454 | L5[WIO] N8 M2 C283 - L4[IO] M4 N8 M2X - L3[] Q1 M8Y - L2[I] Q1 - L1[W] Q1 - L0[O] Q1 
[  2] Utilization = 0.10 | pJ/Compute =  136.539 | L5[WIO] N32 M4 - L4[IO] N2 C283 M8X - L3[] Q1 M2Y - L2[I] Q1 - L1[W] Q1 - L0[O] M2 
[  3] Utilization = 0.09 | pJ/Compute =  112.645 | L5[WIO] N32 M4 C283 - L4[IO] N2 M8X - L3[] Q1 M2Y - L2[I] Q1 - L1[W] Q1 - L0[O] M2 
[  6] Utilization = 0.19 | pJ/Compute =  136.657 | L5[WIO] N32 M4 - L4[IO] N2 C283 M8X - L3[] Q1 M4Y - L2[I] Q1 - L1[W] Q1 - L0[O] Q1 
[  7] Utilization = 0.09 | pJ/Compute =  112.763 | L5[WIO] N32 M4 C283 - L4[IO] N2 M8X - L3[] Q1 M4Y - L2[I] Q1 - L1[W] Q1 - L0[O] Q1 
[  7] Utilization = 0.09 | pJ/Compute =   47.701 | L5[WIO] M2 C283 - L4[IO] M2 N64 M8X - L3[] Q1 M4Y - L2[I] Q1 - L1[W] Q1 - L0[O] Q1 
[  3] Utilization = 0.09 | pJ/Compute =   47.583 | L5[WIO] M2 C283 - L4[IO] M2 N64 M8X - L3[] Q1 M2Y - L2[I] Q1 - L1[W] Q1 - L0[O] M2 
[  2] Utilization = 0.19 | pJ/Compute =  136.249 | L5[WIO] N4 M2 - L4[IO] N16 C283 M4X - L3[] Q1 M8Y - L2[I] Q1 - L1[W] Q1 - L0[O] M2 
[  3] Utilization = 0.09 | pJ/Compute =   53.367 | L5[WIO] N4 M2 C283 - L4[IO] N16 M4X - L3[] Q1 M8Y - L2[I] Q1 - L1[W] Q1 - L0[O] M2 
[  3] Utilization = 0.10 | pJ/Compute =  139.980 | L5[WIO] N64 M4 C283 - L4[IO] Q1 M2X - L3[] Q1 M8Y - L2[I] Q1 - L1[W] Q1 - L0[O] M2 
[  7] Utilization = 0.09 | pJ/Compute =  173.474 | L5[WIO] N64 C283 - L4[IO] M4 M4X - L3[] Q1 M4Y - L2[I] Q1 - L1[W] Q1 - L0[O] M2 
[  3] Utilization = 0.19 | pJ/Compute =  137.396 | L5[WIO] N64 M2 C283 - L4[IO] Q1 M4X - L3[] Q1 M8Y - L2[I] Q1 - L1[W] Q1 - L0[O] M2 
[  7] Utilization = 0.09 | pJ/Compute =  109.032 | L5[WIO] N32 C283 - L4[IO] M2 N2 M8X - L3[] Q1 M8Y - L2[I] Q1 - L1[W] Q1 - L0[O] Q1 
[  6] Utilization = 0.38 | pJ/Compute =  136.367 | L5[WIO] N32 - L4[IO] M2 N2 C283 M8X - L3[] Q1 M8Y - L2[I] Q1 - L1[W] Q1 - L0[O] Q1 
[  7] Utilization = 0.38 | pJ/Compute =  137.514 | L5[WIO] N64 M2 C283 - L4[IO] Q1 M8X - L3[] Q1 M8Y - L2[I] Q1 - L1[W] Q1 - L0[O] Q1 
[  2] Utilization = 0.38 | pJ/Compute =  136.104 | L5[WIO] N16 - L4[IO] N4 C283 M8X - L3[] Q1 M8Y - L2[I] Q1 - L1[W] Q1 - L0[O] M2 
[  5] STATEMENT: 15000 invalid mappings (15000 fanout, 0 capacity) found since the last valid mapping, terminating search.
[  1] STATEMENT: 15000 invalid mappings (15000 fanout, 0 capacity) found since the last valid mapping, terminating search.
[  4] STATEMENT: 15000 invalid mappings (4020 fanout, 10980 capacity) found since the last valid mapping, terminating search.
[  0] STATEMENT: 15000 invalid mappings (2348 fanout, 12652 capacity) found since the last valid mapping, terminating search.
[  3] Utilization = 0.38 | pJ/Compute =  136.104 | L5[WIO] N64 C283 - L4[IO] Q1 M8X - L3[] Q1 M8Y - L2[I] Q1 - L1[W] Q1 - L0[O] M2 
[  7] STATEMENT: 3000 suboptimal mappings found since the last upgrade, terminating search.
[  6] STATEMENT: 3000 suboptimal mappings found since the last upgrade, terminating search.
[  2] STATEMENT: 3000 suboptimal mappings found since the last upgrade, terminating search.
[  3] STATEMENT: 3000 suboptimal mappings found since the last upgrade, terminating search.
