[  6] Utilization = 0.01 | pJ/Compute =  240.587 | L5[WIO] N16 C256 - L4[IO] N4 - L3[] Q1 - L2[I] Q1 - L1[W] Q1 - L0[O] Q1 
[  1] Utilization = 0.05 | pJ/Compute =  175.077 | L5[WIO] C16 - L4[IO] N64 - L3[] Q1 C8Y - L2[I] Q1 - L1[W] C2 - L0[O] Q1 
[  7] Utilization = 0.01 | pJ/Compute =  174.989 | L5[WIO] C16 - L4[IO] N64 - L3[] Q1 C2Y - L2[I] Q1 - L1[W] C8 - L0[O] Q1 
[  0] Utilization = 0.02 | pJ/Compute =  175.018 | L5[WIO] C16 - L4[IO] N64 - L3[] Q1 C4Y - L2[I] Q1 - L1[W] C4 - L0[O] Q1 
[  3] Utilization = 0.01 | pJ/Compute =  304.884 | L5[WIO] C32 - L4[IO] N64 C4 - L3[] Q1 - L2[I] Q1 - L1[W] C2 - L0[O] Q1 
[  4] Utilization = 0.01 | pJ/Compute =  304.915 | L5[WIO] C32 - L4[IO] N64 C4 - L3[] Q1 C2Y - L2[I] Q1 - L1[W] Q1 - L0[O] Q1 
[  5] Utilization = 0.01 | pJ/Compute =  304.884 | L5[WIO] C32 - L4[IO] N64 C8 - L3[] Q1 - L2[I] Q1 - L1[W] Q1 - L0[O] Q1 
[  2] Utilization = 0.01 | pJ/Compute =  301.367 | L5[WIO] N4 C8 - L4[IO] N16 C2 - L3[] Q1 C2Y - L2[I] Q1 - L1[W] C8 - L0[O] Q1 
[  6] Utilization = 0.05 | pJ/Compute =  300.332 | L5[WIO] N32 - L4[IO] N2 C32 - L3[] Q1 C8Y - L2[I] Q1 - L1[W] Q1 - L0[O] Q1 
[  3] Utilization = 0.02 | pJ/Compute =  300.332 | L5[WIO] N16 - L4[IO] N4 C16 - L3[] Q1 C4Y - L2[I] Q1 - L1[W] C4 - L0[O] Q1 
[  4] Utilization = 0.05 | pJ/Compute =  300.332 | L5[WIO] N16 - L4[IO] N4 C16 - L3[] Q1 C8Y - L2[I] Q1 - L1[W] C2 - L0[O] Q1 
[  0] Utilization = 0.05 | pJ/Compute =  300.332 | L5[WIO] N32 - L4[IO] N2 C8 - L3[] Q1 C8Y - L2[I] Q1 - L1[W] C4 - L0[O] Q1 
[  7] Utilization = 0.05 | pJ/Compute =  187.406 | L5[WIO] N8 C4 - L4[IO] N8 - L3[] Q1 C8Y - L2[I] Q1 - L1[W] C8 - L0[O] Q1 
[  5] Utilization = 0.02 | pJ/Compute =  300.332 | L5[WIO] N32 - L4[IO] N2 C32 - L3[] Q1 C4Y - L2[I] Q1 - L1[W] C2 - L0[O] Q1 
[  2] Utilization = 0.02 | pJ/Compute =  300.782 | L5[WIO] N2 C4 - L4[IO] N32 C16 - L3[] Q1 C4Y - L2[I] Q1 - L1[W] Q1 - L0[O] Q1 
[  6] Utilization = 0.05 | pJ/Compute =  179.922 | L5[WIO] N4 C8 - L4[IO] N16 - L3[] Q1 C8Y - L2[I] Q1 - L1[W] C4 - L0[O] Q1 
[  5] Utilization = 0.02 | pJ/Compute =  179.894 | L5[WIO] N4 C8 - L4[IO] N16 - L3[] Q1 C4Y - L2[I] Q1 - L1[W] C8 - L0[O] Q1 
[  2] Utilization = 0.05 | pJ/Compute =  300.793 | L5[WIO] N32 C4 - L4[IO] N2 C8 - L3[] Q1 C8Y - L2[I] Q1 - L1[W] Q1 - L0[O] Q1 
[  2] Utilization = 0.05 | pJ/Compute =  300.486 | L5[WIO] C2 - L4[IO] N64 C2 - L3[] Q1 C8Y - L2[I] Q1 - L1[W] C8 - L0[O] Q1 
[  3] Utilization = 0.05 | pJ/Compute =  177.102 | L5[WIO] N2 C16 - L4[IO] N32 - L3[] Q1 C8Y - L2[I] Q1 - L1[W] C2 - L0[O] Q1 
[  2] Utilization = 0.05 | pJ/Compute =  205.449 | L5[WIO] N16 C16 - L4[IO] N4 - L3[] Q1 C8Y - L2[I] Q1 - L1[W] C2 - L0[O] Q1 
[  5] Utilization = 0.05 | pJ/Compute =  300.486 | L5[WIO] N4 C2 - L4[IO] N16 C8 - L3[] Q1 C8Y - L2[I] Q1 - L1[W] C2 - L0[O] Q1 
[  5] Utilization = 0.05 | pJ/Compute =  191.710 | L5[WIO] N8 C32 - L4[IO] N8 - L3[] Q1 C8Y - L2[I] Q1 - L1[W] Q1 - L0[O] Q1 
[  5] Utilization = 0.05 | pJ/Compute =  179.307 | L5[WIO] N4 C4 - L4[IO] N16 - L3[] Q1 C8Y - L2[I] Q1 - L1[W] C8 - L0[O] Q1 
[  3] Utilization = 0.05 | pJ/Compute =  175.257 | L5[WIO] N2 C4 - L4[IO] N32 - L3[] Q1 C8Y - L2[I] Q1 - L1[W] C8 - L0[O] Q1 
[  0] Utilization = 0.05 | pJ/Compute =  236.001 | L5[WIO] N32 C4 - L4[IO] N2 - L3[] Q1 C8Y - L2[I] Q1 - L1[W] C8 - L0[O] Q1 
[  0] Utilization = 0.05 | pJ/Compute =  188.021 | L5[WIO] N8 C8 - L4[IO] N8 - L3[] Q1 C8Y - L2[I] Q1 - L1[W] C4 - L0[O] Q1 
[  4] Utilization = 0.05 | pJ/Compute =  175.872 | L5[WIO] N2 C8 - L4[IO] N32 - L3[] Q1 C8Y - L2[I] Q1 - L1[W] C4 - L0[O] Q1 
[  1] Utilization = 0.05 | pJ/Compute =  173.233 | L5[WIO] C4 - L4[IO] N64 - L3[] Q1 C8Y - L2[I] Q1 - L1[W] C8 - L0[O] Q1 
[  2] Utilization = 0.05 | pJ/Compute =  173.847 | L5[WIO] C8 - L4[IO] N64 - L3[] Q1 C8Y - L2[I] Q1 - L1[W] C4 - L0[O] Q1 
[  7] Utilization = 0.05 | pJ/Compute =  177.536 | L5[WIO] C32 - L4[IO] N64 - L3[] Q1 C8Y - L2[I] Q1 - L1[W] Q1 - L0[O] Q1 
[  5] STATEMENT: 3000 suboptimal mappings found since the last upgrade, terminating search.
[  6] STATEMENT: 3000 suboptimal mappings found since the last upgrade, terminating search.
[  0] STATEMENT: 3000 suboptimal mappings found since the last upgrade, terminating search.
[  4] STATEMENT: 3000 suboptimal mappings found since the last upgrade, terminating search.
[  3] STATEMENT: 3000 suboptimal mappings found since the last upgrade, terminating search.
[  1] STATEMENT: 3000 suboptimal mappings found since the last upgrade, terminating search.
[  7] STATEMENT: 3000 suboptimal mappings found since the last upgrade, terminating search.
[  2] STATEMENT: 3000 suboptimal mappings found since the last upgrade, terminating search.
