[  1] Utilization = 0.03 | pJ/Compute =  132.411 | L5[WIO] Q1 - L4[IO] N128 C2X - L3[I] Q1 - L2[W] C32 - L1[O] Q1 C4Y - L0[W] Q1 
[  4] Utilization = 0.12 | pJ/Compute =  132.044 | L5[WIO] Q1 - L4[IO] N128 C8X - L3[I] Q1 - L2[W] C8 - L1[O] Q1 C4Y - L0[W] Q1 
[  7] Utilization = 0.02 | pJ/Compute =  259.930 | L5[WIO] Q1 - L4[IO] N128 C2 - L3[I] Q1 - L2[W] C32 - L1[O] Q1 C4Y - L0[W] Q1 
[  6] Utilization = 0.25 | pJ/Compute =  131.983 | L5[WIO] Q1 - L4[IO] N128 C16X - L3[I] Q1 - L2[W] C4 - L1[O] Q1 C4Y - L0[W] Q1 
[  0] Utilization = 0.02 | pJ/Compute =  132.900 | L5[WIO] Q1 - L4[IO] N128 - L3[I] Q1 - L2[W] C64 - L1[O] Q1 C4Y - L0[W] Q1 
[  3] Utilization = 0.02 | pJ/Compute =  259.930 | L5[WIO] N128 - L4[IO] C2 - L3[I] Q1 - L2[W] C32 - L1[O] Q1 C4Y - L0[W] Q1 
[  2] Utilization = 0.06 | pJ/Compute =  132.167 | L5[WIO] Q1 - L4[IO] N128 C4X - L3[I] Q1 - L2[W] C16 - L1[O] Q1 C4Y - L0[W] Q1 
[  5] Utilization = 0.06 | pJ/Compute =  259.196 | L5[WIO] N128 - L4[IO] C2 C4X - L3[I] Q1 - L2[W] C8 - L1[O] Q1 C4Y - L0[W] Q1 
[  0] Utilization = 0.12 | pJ/Compute =  132.044 | L5[WIO] N128 - L4[IO] Q1 C8X - L3[I] Q1 - L2[W] C8 - L1[O] Q1 C4Y - L0[W] Q1 
[  1] Utilization = 0.25 | pJ/Compute =  195.012 | L5[WIO] N64 C4 - L4[IO] N2 C16X - L3[I] Q1 - L2[W] Q1 - L1[O] Q1 C4Y - L0[W] Q1 
[  2] Utilization = 0.25 | pJ/Compute =  131.983 | L5[WIO] N128 - L4[IO] Q1 C16X - L3[I] Q1 - L2[W] C4 - L1[O] Q1 C4Y - L0[W] Q1 
[  3] Utilization = 0.03 | pJ/Compute =  259.446 | L5[WIO] N64 C4 - L4[IO] N2 C2 C2X - L3[I] Q1 - L2[W] C4 - L1[O] Q1 C4Y - L0[W] Q1 
[  7] Utilization = 0.03 | pJ/Compute =  259.446 | L5[WIO] N64 C4 - L4[IO] N2 C4 C2X - L3[I] Q1 - L2[W] C2 - L1[O] Q1 C4Y - L0[W] Q1 
[  5] Utilization = 0.12 | pJ/Compute =  259.096 | L5[WIO] N64 C4 - L4[IO] N2 C2 C8X - L3[I] Q1 - L2[W] Q1 - L1[O] Q1 C4Y - L0[W] Q1 
[  3] Utilization = 0.06 | pJ/Compute =  259.196 | L5[WIO] Q1 - L4[IO] N128 C16 C4X - L3[I] Q1 - L2[W] Q1 - L1[O] Q1 C4Y - L0[W] Q1 
[  7] Utilization = 0.06 | pJ/Compute =  259.196 | L5[WIO] N128 C8 - L4[IO] Q1 C4X - L3[I] Q1 - L2[W] C2 - L1[O] Q1 C4Y - L0[W] Q1 
[  7] Utilization = 0.12 | pJ/Compute =  132.052 | L5[WIO] C2 - L4[IO] N128 C8X - L3[I] Q1 - L2[W] C4 - L1[O] Q1 C4Y - L0[W] Q1 
[  3] Utilization = 0.06 | pJ/Compute =  139.180 | L5[WIO] N8 C4 - L4[IO] N16 C4X - L3[I] Q1 - L2[W] C4 - L1[O] Q1 C4Y - L0[W] Q1 
[  1] Utilization = 0.25 | pJ/Compute =  131.998 | L5[WIO] C2 - L4[IO] N128 C16X - L3[I] Q1 - L2[W] C2 - L1[O] Q1 C4Y - L0[W] Q1 
[  4] Utilization = 0.25 | pJ/Compute =  259.013 | L5[WIO] N4 - L4[IO] N32 C2 C16X - L3[I] Q1 - L2[W] C2 - L1[O] Q1 C4Y - L0[W] Q1 
[  3] Utilization = 0.12 | pJ/Compute =  163.059 | L5[WIO] N32 C2 - L4[IO] N4 C8X - L3[I] Q1 - L2[W] C4 - L1[O] Q1 C4Y - L0[W] Q1 
[  5] Utilization = 0.25 | pJ/Compute =  138.973 | L5[WIO] N8 C4 - L4[IO] N16 C16X - L3[I] Q1 - L2[W] Q1 - L1[O] Q1 C4Y - L0[W] Q1 
[  0] Utilization = 0.25 | pJ/Compute =  259.013 | L5[WIO] N32 - L4[IO] N4 C2 C16X - L3[I] Q1 - L2[W] C2 - L1[O] Q1 C4Y - L0[W] Q1 
[  5] Utilization = 0.25 | pJ/Compute =  132.969 | L5[WIO] N2 C4 - L4[IO] N64 C16X - L3[I] Q1 - L2[W] Q1 - L1[O] Q1 C4Y - L0[W] Q1 
[  5] Utilization = 0.25 | pJ/Compute =  131.968 | L5[WIO] C4 - L4[IO] N128 C16X - L3[I] Q1 - L2[W] Q1 - L1[O] Q1 C4Y - L0[W] Q1 
[  3] Utilization = 0.12 | pJ/Compute =  147.055 | L5[WIO] N16 C2 - L4[IO] N8 C8X - L3[I] Q1 - L2[W] C4 - L1[O] Q1 C4Y - L0[W] Q1 
[  2] STATEMENT: 3000 suboptimal mappings found since the last upgrade, terminating search.
[  6] STATEMENT: 3000 suboptimal mappings found since the last upgrade, terminating search.
[  0] STATEMENT: 3000 suboptimal mappings found since the last upgrade, terminating search.
[  4] STATEMENT: 3000 suboptimal mappings found since the last upgrade, terminating search.
[  7] STATEMENT: 3000 suboptimal mappings found since the last upgrade, terminating search.
[  1] STATEMENT: 3000 suboptimal mappings found since the last upgrade, terminating search.
[  5] STATEMENT: 3000 suboptimal mappings found since the last upgrade, terminating search.
[  3] STATEMENT: 3000 suboptimal mappings found since the last upgrade, terminating search.
