[  1] Utilization = 0.19 | pJ/Compute =  181.034 | L5[WIO] N32 C4 - L4[] Q1 M3Y C16X - L3[O] N2 C2 - L2[W] Q1 - L1[I] Q1 - L0[O] Q1 
[  2] Utilization = 0.50 | pJ/Compute =  149.409 | L5[WIO] N4 - L4[] C2 M3 N8Y C16X - L3[O] C4 - L2[W] N2 - L1[I] Q1 - L0[O] Q1 
[  7] Utilization = 1.00 | pJ/Compute =  155.979 | L5[WIO] M3 C8 - L4[] N2 N16Y C16X - L3[O] Q1 - L2[W] N2 - L1[I] Q1 - L0[O] Q1 
[  2] Utilization = 0.50 | pJ/Compute =  144.861 | L5[WIO] N4 - L4[W] C2 M3 N8Y C16X - L3[O] C4 - L2[W] N2 - L1[I] Q1 - L0[O] Q1 
[  4] Utilization = 0.50 | pJ/Compute =  153.680 | L5[WIO] N4 - L4[] C4 M3 N8Y C16X - L3[O] C2 - L2[W] N2 - L1[I] Q1 - L0[O] Q1 
[  3] Utilization = 0.50 | pJ/Compute =  140.907 | L5[WIO] Q1 - L4[] M3 N8Y C16X - L3[O] C8 N8 - L2[W] Q1 - L1[I] Q1 - L0[O] Q1 
[  1] Utilization = 0.19 | pJ/Compute =  117.940 | L5[WIO] N32 C4 - L4[] Q1 M3Y C16X - L3[O] C2 N2 - L2[W] Q1 - L1[I] Q1 - L0[O] Q1 
[  5] Utilization = 0.50 | pJ/Compute =  162.223 | L5[WIO] N4 - L4[] C8 M3 N8Y C16X - L3[O] Q1 - L2[W] N2 - L1[I] Q1 - L0[O] Q1 
[  6] Utilization = 0.50 | pJ/Compute =  143.043 | L5[WIO] Q1 - L4[] C2 M3 N8Y C16X - L3[O] C4 N8 - L2[W] Q1 - L1[I] Q1 - L0[O] Q1 
[  4] Utilization = 0.50 | pJ/Compute =  149.132 | L5[WIO] N4 - L4[W] C4 M3 N8Y C16X - L3[O] C2 - L2[W] N2 - L1[I] Q1 - L0[O] Q1 
[  2] Utilization = 0.50 | pJ/Compute =  143.447 | L5[WIO] N4 - L4[WO] C2 M3 N8Y C16X - L3[O] C4 - L2[W] N2 - L1[I] Q1 - L0[O] Q1 
[  0] Utilization = 1.00 | pJ/Compute =  145.409 | L5[WIO] M3 C2 - L4[] N2 N16Y C16X - L3[O] C4 - L2[W] N2 - L1[I] Q1 - L0[O] Q1 
[  5] Utilization = 0.50 | pJ/Compute =  157.675 | L5[WIO] N4 - L4[W] C8 M3 N8Y C16X - L3[O] Q1 - L2[W] N2 - L1[I] Q1 - L0[O] Q1 
[  4] Utilization = 0.50 | pJ/Compute =  148.849 | L5[WIO] N4 - L4[O] C4 M3 N8Y C16X - L3[O] C2 - L2[W] N2 - L1[I] Q1 - L0[O] Q1 
[  0] Utilization = 1.00 | pJ/Compute =  144.282 | L5[WIO] M3 C2 - L4[W] N2 N16Y C16X - L3[O] C4 - L2[W] N2 - L1[I] Q1 - L0[O] Q1 
[  6] Utilization = 0.50 | pJ/Compute =  141.629 | L5[WIO] Q1 - L4[O] C2 M3 N8Y C16X - L3[O] C4 N8 - L2[W] Q1 - L1[I] Q1 - L0[O] Q1 
[  5] Utilization = 0.50 | pJ/Compute =  150.559 | L5[WIO] N4 - L4[O] C8 M3 N8Y C16X - L3[O] Q1 - L2[W] N2 - L1[I] Q1 - L0[O] Q1 
[  4] Utilization = 0.50 | pJ/Compute =  144.301 | L5[WIO] N4 - L4[WO] C4 M3 N8Y C16X - L3[O] C2 - L2[W] N2 - L1[I] Q1 - L0[O] Q1 
[  5] Utilization = 0.50 | pJ/Compute =  146.011 | L5[WIO] N4 - L4[WO] C8 M3 N8Y C16X - L3[O] Q1 - L2[W] N2 - L1[I] Q1 - L0[O] Q1 
[  0] Utilization = 1.00 | pJ/Compute =  143.994 | L5[WIO] M3 C2 - L4[O] N2 N16Y C16X - L3[O] C4 - L2[W] N2 - L1[I] Q1 - L0[O] Q1 
[  6] Utilization = 0.50 | pJ/Compute =  140.907 | L5[WIO] Q1 - L4[] M3 C2 N8Y C16X - L3[O] C4 N8 - L2[W] Q1 - L1[I] Q1 - L0[O] Q1 
[  0] Utilization = 1.00 | pJ/Compute =  142.867 | L5[WIO] M3 C2 - L4[WO] N2 N16Y C16X - L3[O] C4 - L2[W] N2 - L1[I] Q1 - L0[O] Q1 
[  5] Utilization = 0.50 | pJ/Compute =  142.725 | L5[WIO] N4 - L4[W] M3 C8 N8Y C16X - L3[O] Q1 - L2[W] N2 - L1[I] Q1 - L0[O] Q1 
[  2] Utilization = 0.50 | pJ/Compute =  142.725 | L5[WIO] N4 - L4[W] M3 C2 N8Y C16X - L3[O] C4 - L2[W] N2 - L1[I] Q1 - L0[O] Q1 
[  4] Utilization = 0.50 | pJ/Compute =  142.725 | L5[WIO] N4 - L4[W] M3 C4 N8Y C16X - L3[O] C2 - L2[W] N2 - L1[I] Q1 - L0[O] Q1 
[  6] Utilization = 1.00 | pJ/Compute =  155.979 | L5[WIO] M3 C4 - L4[] C2 N2 N16Y C16X - L3[O] Q1 - L2[W] N2 - L1[I] Q1 - L0[O] Q1 
[  6] Utilization = 1.00 | pJ/Compute =  149.680 | L5[WIO] M3 C4 - L4[] N2 C2 N16Y C16X - L3[O] Q1 - L2[W] N2 - L1[I] Q1 - L0[O] Q1 
[  6] Utilization = 1.00 | pJ/Compute =  148.553 | L5[WIO] M3 C4 - L4[W] N2 C2 N16Y C16X - L3[O] Q1 - L2[W] N2 - L1[I] Q1 - L0[O] Q1 
[  6] Utilization = 1.00 | pJ/Compute =  144.849 | L5[WIO] M3 C4 - L4[O] N2 C2 N16Y C16X - L3[O] Q1 - L2[W] N2 - L1[I] Q1 - L0[O] Q1 
[  1] Utilization = 0.38 | pJ/Compute =   69.696 | L5[WIO] Q1 - L4[] N8 C8 N2Y M3Y C16X - L3[O] N4 - L2[W] Q1 - L1[I] Q1 - L0[O] Q1 
[  1] Utilization = 0.38 | pJ/Compute =   58.307 | L5[WIO] Q1 - L4[W] N8 C8 N2Y M3Y C16X - L3[O] N4 - L2[W] Q1 - L1[I] Q1 - L0[O] Q1 
[  6] Utilization = 1.00 | pJ/Compute =  143.722 | L5[WIO] M3 C4 - L4[WO] N2 C2 N16Y C16X - L3[O] Q1 - L2[W] N2 - L1[I] Q1 - L0[O] Q1 
[  3] Utilization = 1.00 | pJ/Compute =  155.979 | L5[WIO] M3 C2 - L4[] C4 N2 N16Y C16X - L3[O] Q1 - L2[W] N2 - L1[I] Q1 - L0[O] Q1 
[  3] Utilization = 1.00 | pJ/Compute =  145.409 | L5[WIO] M3 C2 - L4[] N2 C4 N16Y C16X - L3[O] Q1 - L2[W] N2 - L1[I] Q1 - L0[O] Q1 
[  3] Utilization = 1.00 | pJ/Compute =  144.282 | L5[WIO] M3 C2 - L4[W] N2 C4 N16Y C16X - L3[O] Q1 - L2[W] N2 - L1[I] Q1 - L0[O] Q1 
[  3] Utilization = 1.00 | pJ/Compute =  143.994 | L5[WIO] M3 C2 - L4[O] N2 C4 N16Y C16X - L3[O] Q1 - L2[W] N2 - L1[I] Q1 - L0[O] Q1 
[  3] Utilization = 1.00 | pJ/Compute =  142.867 | L5[WIO] M3 C2 - L4[WO] N2 C4 N16Y C16X - L3[O] Q1 - L2[W] N2 - L1[I] Q1 - L0[O] Q1 
[  5] Utilization = 1.00 | pJ/Compute =  149.680 | L5[WIO] C4 M3 - L4[] N2 N16Y C16X - L3[O] C2 - L2[W] N2 - L1[I] Q1 - L0[O] Q1 
[  5] Utilization = 1.00 | pJ/Compute =  148.553 | L5[WIO] C4 M3 - L4[W] N2 N16Y C16X - L3[O] C2 - L2[W] N2 - L1[I] Q1 - L0[O] Q1 
[  5] Utilization = 1.00 | pJ/Compute =  144.849 | L5[WIO] M3 C4 - L4[O] N2 N16Y C16X - L3[O] C2 - L2[W] N2 - L1[I] Q1 - L0[O] Q1 
[  5] Utilization = 1.00 | pJ/Compute =  143.722 | L5[WIO] M3 C4 - L4[WO] N2 N16Y C16X - L3[O] C2 - L2[W] N2 - L1[I] Q1 - L0[O] Q1 
[  2] Utilization = 1.00 | pJ/Compute =  149.680 | L5[WIO] C2 M3 - L4[] C2 N2 N16Y C16X - L3[O] C2 - L2[W] N2 - L1[I] Q1 - L0[O] Q1 
[  2] Utilization = 1.00 | pJ/Compute =  148.553 | L5[WIO] C2 M3 - L4[W] C2 N2 N16Y C16X - L3[O] C2 - L2[W] N2 - L1[I] Q1 - L0[O] Q1 
[  2] Utilization = 1.00 | pJ/Compute =  146.996 | L5[WIO] C2 M3 - L4[O] C2 N2 N16Y C16X - L3[O] C2 - L2[W] N2 - L1[I] Q1 - L0[O] Q1 
[  2] Utilization = 1.00 | pJ/Compute =  145.869 | L5[WIO] C2 M3 - L4[WO] C2 N2 N16Y C16X - L3[O] C2 - L2[W] N2 - L1[I] Q1 - L0[O] Q1 
[  2] Utilization = 1.00 | pJ/Compute =  145.409 | L5[WIO] M3 C2 - L4[] N2 C2 N16Y C16X - L3[O] C2 - L2[W] N2 - L1[I] Q1 - L0[O] Q1 
[  2] Utilization = 1.00 | pJ/Compute =  144.282 | L5[WIO] M3 C2 - L4[W] N2 C2 N16Y C16X - L3[O] C2 - L2[W] N2 - L1[I] Q1 - L0[O] Q1 
[  2] Utilization = 1.00 | pJ/Compute =  143.994 | L5[WIO] M3 C2 - L4[O] N2 C2 N16Y C16X - L3[O] C2 - L2[W] N2 - L1[I] Q1 - L0[O] Q1 
[  2] Utilization = 1.00 | pJ/Compute =  142.867 | L5[WIO] M3 C2 - L4[WO] N2 C2 N16Y C16X - L3[O] C2 - L2[W] N2 - L1[I] Q1 - L0[O] Q1 
[  1] Utilization = 0.75 | pJ/Compute =   61.696 | L5[WIO] N4 C4 - L4[] Q1 N4Y M3Y C16X - L3[O] C2 - L2[W] N4 - L1[I] Q1 - L0[O] Q1 
[  7] Utilization = 1.00 | pJ/Compute =  143.273 | L5[WIO] N2 - L4[] Q1 N16Y C16X - L3[O] C8 M3 N2 - L2[W] Q1 - L1[I] Q1 - L0[O] Q1 
[  7] Utilization = 1.00 | pJ/Compute =  142.146 | L5[WIO] N2 - L4[W] Q1 N16Y C16X - L3[O] C8 M3 N2 - L2[W] Q1 - L1[I] Q1 - L0[O] Q1 
[  7] Utilization = 1.00 | pJ/Compute =   61.777 | L5[WIO] N2 - L4[] Q1 N16Y C16X - L3[O] N2 C8 M3 - L2[W] Q1 - L1[I] Q1 - L0[O] Q1 
[  7] Utilization = 1.00 | pJ/Compute =   57.230 | L5[WIO] N2 - L4[W] Q1 N16Y C16X - L3[O] N2 C8 M3 - L2[W] Q1 - L1[I] Q1 - L0[O] Q1 
[  4] Utilization = 0.75 | pJ/Compute =   86.472 | L5[WIO] N4 C2 - L4[] N2 N4Y M3Y C16X - L3[O] N2 C4 - L2[W] Q1 - L1[I] Q1 - L0[O] Q1 
[  4] Utilization = 0.75 | pJ/Compute =   85.058 | L5[WIO] N4 C2 - L4[O] N2 N4Y M3Y C16X - L3[O] N2 C4 - L2[W] Q1 - L1[I] Q1 - L0[O] Q1 
[  4] Utilization = 0.75 | pJ/Compute =   72.075 | L5[WIO] N4 C2 - L4[] N2 N4Y M3Y C16X - L3[O] C4 N2 - L2[W] Q1 - L1[I] Q1 - L0[O] Q1 
[  4] Utilization = 0.75 | pJ/Compute =   70.661 | L5[WIO] N4 C2 - L4[O] N2 N4Y M3Y C16X - L3[O] C4 N2 - L2[W] Q1 - L1[I] Q1 - L0[O] Q1 
[  1] Utilization = 0.75 | pJ/Compute =   60.860 | L5[WIO] N2 - L4[O] C8 N4 N4Y M3Y C16X - L3[O] N2 - L2[W] Q1 - L1[I] Q1 - L0[O] Q1 
[  4] Utilization = 0.75 | pJ/Compute =   57.574 | L5[WIO] N2 - L4[] C4 N4Y M3Y C16X - L3[O] C2 - L2[W] N8 - L1[I] Q1 - L0[O] Q1 
[  4] Utilization = 0.75 | pJ/Compute =   56.447 | L5[WIO] N2 - L4[W] C4 N4Y M3Y C16X - L3[O] C2 - L2[W] N8 - L1[I] Q1 - L0[O] Q1 
[  1] Utilization = 1.00 | pJ/Compute =  141.029 | L5[WIO] Q1 - L4[] M3 C8 N16Y C16X - L3[O] Q1 - L2[W] N4 - L1[I] Q1 - L0[O] Q1 
[  0] Utilization = 1.00 | pJ/Compute =  142.605 | L5[WIO] Q1 - L4[O] C4 M3 N16Y C16X - L3[O] C2 - L2[W] N4 - L1[I] Q1 - L0[O] Q1 
[  0] Utilization = 1.00 | pJ/Compute =  141.029 | L5[WIO] Q1 - L4[] M3 C4 N16Y C16X - L3[O] C2 - L2[W] N4 - L1[I] Q1 - L0[O] Q1 
[  5] Utilization = 1.00 | pJ/Compute =  143.273 | L5[WIO] N2 - L4[] M3 C8 N16Y C16X - L3[O] N2 - L2[W] Q1 - L1[I] Q1 - L0[O] Q1 
[  5] Utilization = 1.00 | pJ/Compute =  142.146 | L5[WIO] N2 - L4[W] M3 C8 N16Y C16X - L3[O] N2 - L2[W] Q1 - L1[I] Q1 - L0[O] Q1 
[  3] Utilization = 1.00 | pJ/Compute =  142.146 | L5[WIO] Q1 - L4[W] N2 N16Y C16X - L3[O] C8 M3 - L2[W] N2 - L1[I] Q1 - L0[O] Q1 
[  4] Utilization = 1.00 | pJ/Compute =  143.165 | L5[WIO] C2 - L4[] M3 N16Y C16X - L3[O] C4 - L2[W] N4 - L1[I] Q1 - L0[O] Q1 
[  4] Utilization = 1.00 | pJ/Compute =  141.751 | L5[WIO] C2 - L4[O] M3 N16Y C16X - L3[O] C4 - L2[W] N4 - L1[I] Q1 - L0[O] Q1 
[  6] Utilization = 1.00 | pJ/Compute =  143.273 | L5[WIO] Q1 - L4[] N2 C2 N16Y C16X - L3[O] C4 M3 - L2[W] N2 - L1[I] Q1 - L0[O] Q1 
[  6] Utilization = 1.00 | pJ/Compute =  142.146 | L5[WIO] Q1 - L4[W] N2 C2 N16Y C16X - L3[O] C4 M3 - L2[W] N2 - L1[I] Q1 - L0[O] Q1 
[  4] Utilization = 1.00 | pJ/Compute =  141.029 | L5[WIO] C2 - L4[] Q1 N16Y C16X - L3[O] M3 C4 - L2[W] N4 - L1[I] Q1 - L0[O] Q1 
[  6] Utilization = 1.00 | pJ/Compute =  141.751 | L5[WIO] C2 - L4[O] M3 C2 N16Y C16X - L3[O] C2 - L2[W] N4 - L1[I] Q1 - L0[O] Q1 
[  5] Utilization = 1.00 | pJ/Compute =  140.774 | L5[WIO] M3 N4 - L4[W] C8 N16Y C16X - L3[O] Q1 - L2[W] Q1 - L1[I] Q1 - L0[O] Q1 
[  2] Utilization = 1.00 | pJ/Compute =  142.146 | L5[WIO] N2 - L4[W] M3 C2 N16Y C16X - L3[O] C4 N2 - L2[W] Q1 - L1[I] Q1 - L0[O] Q1 
[  2] Utilization = 1.00 | pJ/Compute =  141.122 | L5[WIO] N2 - L4[W] M3 C2 N16Y C16X - L3[O] N2 C4 - L2[W] Q1 - L1[I] Q1 - L0[O] Q1 
[  3] Utilization = 1.00 | pJ/Compute =   61.777 | L5[WIO] Q1 - L4[] N4 N16Y C16X - L3[O] C8 M3 - L2[W] Q1 - L1[I] Q1 - L0[O] Q1 
[  3] Utilization = 1.00 | pJ/Compute =   57.230 | L5[WIO] Q1 - L4[W] N4 N16Y C16X - L3[O] C8 M3 - L2[W] Q1 - L1[I] Q1 - L0[O] Q1 
[  5] Utilization = 1.00 | pJ/Compute =   68.184 | L5[WIO] C4 - L4[] N2 N16Y C16X - L3[O] C2 N2 M3 - L2[W] Q1 - L1[I] Q1 - L0[O] Q1 
[  5] Utilization = 1.00 | pJ/Compute =   63.637 | L5[WIO] C4 - L4[W] N2 N16Y C16X - L3[O] C2 N2 M3 - L2[W] Q1 - L1[I] Q1 - L0[O] Q1 
[  5] Utilization = 1.00 | pJ/Compute =   63.353 | L5[WIO] C4 - L4[O] N2 N16Y C16X - L3[O] C2 N2 M3 - L2[W] Q1 - L1[I] Q1 - L0[O] Q1 
[  0] Utilization = 1.00 | pJ/Compute =   63.913 | L5[WIO] C2 - L4[] N2 N16Y C16X - L3[O] C4 N2 M3 - L2[W] Q1 - L1[I] Q1 - L0[O] Q1 
[  0] Utilization = 1.00 | pJ/Compute =   59.365 | L5[WIO] C2 - L4[W] N2 N16Y C16X - L3[O] C4 N2 M3 - L2[W] Q1 - L1[I] Q1 - L0[O] Q1 
[  4] Utilization = 1.00 | pJ/Compute =  140.774 | L5[WIO] M3 N4 - L4[W] C4 N16Y C16X - L3[O] C2 - L2[W] Q1 - L1[I] Q1 - L0[O] Q1 
[  1] Utilization = 1.00 | pJ/Compute =   61.777 | L5[WIO] N4 - L4[] C8 N16Y C16X - L3[O] M3 - L2[W] Q1 - L1[I] Q1 - L0[O] Q1 
[  1] Utilization = 1.00 | pJ/Compute =   57.230 | L5[WIO] N4 - L4[W] C8 N16Y C16X - L3[O] M3 - L2[W] Q1 - L1[I] Q1 - L0[O] Q1 
[  6] Utilization = 1.00 | pJ/Compute =  141.029 | L5[WIO] C2 - L4[] C2 N16Y C16X - L3[O] M3 C2 - L2[W] N4 - L1[I] Q1 - L0[O] Q1 
[  0] Utilization = 1.00 | pJ/Compute =   57.230 | L5[WIO] N4 - L4[W] C4 N16Y C16X - L3[O] C2 M3 - L2[W] Q1 - L1[I] Q1 - L0[O] Q1 
[  4] Utilization = 1.00 | pJ/Compute =   61.777 | L5[WIO] N4 C2 - L4[] Q1 N16Y C16X - L3[O] C4 M3 - L2[W] Q1 - L1[I] Q1 - L0[O] Q1 
[  4] Utilization = 1.00 | pJ/Compute =   59.365 | L5[WIO] C2 N4 - L4[W] Q1 N16Y C16X - L3[O] C4 M3 - L2[W] Q1 - L1[I] Q1 - L0[O] Q1 
[  6] Utilization = 1.00 | pJ/Compute =   63.913 | L5[WIO] Q1 - L4[] C2 N4 N16Y C16X - L3[O] C4 M3 - L2[W] Q1 - L1[I] Q1 - L0[O] Q1 
[  6] Utilization = 1.00 | pJ/Compute =   59.365 | L5[WIO] Q1 - L4[W] C2 N4 N16Y C16X - L3[O] C4 M3 - L2[W] Q1 - L1[I] Q1 - L0[O] Q1 
[  6] Utilization = 1.00 | pJ/Compute =   57.230 | L5[WIO] Q1 - L4[W] N4 C2 N16Y C16X - L3[O] C4 M3 - L2[W] Q1 - L1[I] Q1 - L0[O] Q1 
[  5] Utilization = 1.00 | pJ/Compute =   61.777 | L5[WIO] Q1 - L4[] N2 C8 N16Y C16X - L3[O] N2 M3 - L2[W] Q1 - L1[I] Q1 - L0[O] Q1 
[  5] Utilization = 1.00 | pJ/Compute =   57.230 | L5[WIO] Q1 - L4[W] N2 C8 N16Y C16X - L3[O] N2 M3 - L2[W] Q1 - L1[I] Q1 - L0[O] Q1 
[  4] Utilization = 1.00 | pJ/Compute =   57.230 | L5[WIO] Q1 - L4[W] N2 C4 N16Y C16X - L3[O] C2 N2 M3 - L2[W] Q1 - L1[I] Q1 - L0[O] Q1 
[  2] Utilization = 1.00 | pJ/Compute =  140.774 | L5[WIO] M3 N4 - L4[W] C2 N16Y C16X - L3[O] C4 - L2[W] Q1 - L1[I] Q1 - L0[O] Q1 
[  2] Utilization = 1.00 | pJ/Compute =   63.913 | L5[WIO] C2 - L4[] N2 C2 N16Y C16X - L3[O] N2 C2 M3 - L2[W] Q1 - L1[I] Q1 - L0[O] Q1 
[  2] Utilization = 1.00 | pJ/Compute =   59.365 | L5[WIO] C2 - L4[W] N2 C2 N16Y C16X - L3[O] N2 C2 M3 - L2[W] Q1 - L1[I] Q1 - L0[O] Q1 
[  7] STATEMENT: 3000 suboptimal mappings found since the last upgrade, terminating search.
[  3] STATEMENT: 3000 suboptimal mappings found since the last upgrade, terminating search.
[  1] STATEMENT: 3000 suboptimal mappings found since the last upgrade, terminating search.
[  5] STATEMENT: 3000 suboptimal mappings found since the last upgrade, terminating search.
[  0] STATEMENT: 3000 suboptimal mappings found since the last upgrade, terminating search.
[  6] STATEMENT: 3000 suboptimal mappings found since the last upgrade, terminating search.
[  4] STATEMENT: 3000 suboptimal mappings found since the last upgrade, terminating search.
[  2] STATEMENT: 3000 suboptimal mappings found since the last upgrade, terminating search.
