Traceback (most recent call last):
  File "/usr/local/bin/accelergy", line 5, in <module>
    from accelergy.accelergy_console import main
  File "/usr/local/lib/python3.8/dist-packages/accelergy/accelergy_console.py", line 34, in <module>
    from accelergy.io import parse_commandline_args, generate_output_files
  File "/usr/local/lib/python3.8/dist-packages/accelergy/io.py", line 25, in <module>
    import pyfiglet
  File "/usr/local/lib/python3.8/dist-packages/pyfiglet/__init__.py", line 11, in <module>
    import pkg_resources
  File "/usr/lib/python3/dist-packages/pkg_resources/__init__.py", line 84, in <module>
    __import__('pkg_resources.extern.packaging.requirements')
  File "/usr/lib/python3/dist-packages/pkg_resources/_vendor/packaging/requirements.py", line 9, in <module>
    from pkg_resources.extern.pyparsing import stringStart, stringEnd, originalTextFor, ParseException
  File "<frozen importlib._bootstrap>", line 991, in _find_and_load
  File "<frozen importlib._bootstrap>", line 975, in _find_and_load_unlocked
  File "<frozen importlib._bootstrap>", line 655, in _load_unlocked
  File "<frozen importlib._bootstrap>", line 618, in _load_backward_compatible
  File "/usr/lib/python3/dist-packages/pkg_resources/extern/__init__.py", line 43, in load_module
    __import__(extant)
  File "/usr/lib/python3/dist-packages/pkg_resources/_vendor/pyparsing.py", line 5399, in <module>
    class pyparsing_common:
  File "/usr/lib/python3/dist-packages/pkg_resources/_vendor/pyparsing.py", line 5636, in pyparsing_common
    iso8601_date = Regex(r'(?P<year>\d{4})(?:-(?P<month>\d\d)(?:-(?P<day>\d\d))?)?').setName("ISO8601 date")
  File "/usr/lib/python3/dist-packages/pkg_resources/_vendor/pyparsing.py", line 2788, in __init__
    self.pattern = pattern
KeyboardInterrupt
