[  2] Utilization = 1.00 | pJ/Compute =   33.554 | L5[WIO] C2 M2 - L4[] M2 M16Y C16X - L3[W] C8 M4 N64 - L2[W] Q1 - L1[I] Q1 - L0[O] Q1 
[  2] Utilization = 1.00 | pJ/Compute =   27.286 | L5[WIO] C2 M2 - L4[I] M2 M16Y C16X - L3[W] C8 M4 N64 - L2[W] Q1 - L1[I] Q1 - L0[O] Q1 
[  3] Utilization = 1.00 | pJ/Compute =   40.228 | L5[WIO] N4 C2 - L4[] C8 M2 M16Y C16X - L3[W] N4 M8 - L2[W] N4 - L1[I] Q1 - L0[O] Q1 
[  7] Utilization = 1.00 | pJ/Compute =   33.554 | L5[WIO] M2 C2 - L4[] C4 M2 M16Y C16X - L3[W] C2 M4 N64 - L2[W] Q1 - L1[I] Q1 - L0[O] Q1 
[  7] Utilization = 1.00 | pJ/Compute =   27.859 | L5[WIO] M2 C2 - L4[I] C4 M2 M16Y C16X - L3[W] C2 M4 N64 - L2[W] Q1 - L1[I] Q1 - L0[O] Q1 
[  5] Utilization = 1.00 | pJ/Compute =   33.554 | L5[WIO] M2 C2 - L4[] C2 M2 M16Y C16X - L3[W] C4 M4 N64 - L2[W] Q1 - L1[I] Q1 - L0[O] Q1 
[  4] Utilization = 1.00 | pJ/Compute =   40.869 | L5[WIO] M2 N4 - L4[] C4 M8 N8 M16Y C16X - L3[W] C4 - L2[W] N2 - L1[I] Q1 - L0[O] Q1 
[  3] Utilization = 1.00 | pJ/Compute =   33.960 | L5[WIO] N4 C2 - L4[I] C8 M2 M16Y C16X - L3[W] N4 M8 - L2[W] N4 - L1[I] Q1 - L0[O] Q1 
[  1] Utilization = 1.00 | pJ/Compute =   25.368 | L5[WIO] N2 M2 C2 - L4[] C2 M4 M16Y C16X - L3[W] N32 M2 C4 - L2[W] Q1 - L1[I] Q1 - L0[O] Q1 
[  5] Utilization = 1.00 | pJ/Compute =   27.859 | L5[WIO] M2 C2 - L4[I] C2 M2 M16Y C16X - L3[W] C4 M4 N64 - L2[W] Q1 - L1[I] Q1 - L0[O] Q1 
[  4] Utilization = 1.00 | pJ/Compute =   36.321 | L5[WIO] M2 N4 - L4[W] C4 M8 N8 M16Y C16X - L3[W] C4 - L2[W] N2 - L1[I] Q1 - L0[O] Q1 
[  6] Utilization = 1.00 | pJ/Compute =   23.246 | L5[WIO] M2 N2 C2 - L4[] M4 M16Y C16X - L3[W] N32 M2 C8 - L2[W] Q1 - L1[I] Q1 - L0[O] Q1 
[  0] Utilization = 1.00 | pJ/Compute =   36.179 | L5[WIO] C8 M2 N2 - L4[] M4 N4 M16Y C16X - L3[W] C2 N2 M2 - L2[W] N4 - L1[I] Q1 - L0[O] Q1 
[  4] Utilization = 1.00 | pJ/Compute =   35.174 | L5[WIO] M2 N4 - L4[I] C4 M8 N8 M16Y C16X - L3[W] C4 - L2[W] N2 - L1[I] Q1 - L0[O] Q1 
[  7] Utilization = 1.00 | pJ/Compute =   27.587 | L5[WIO] C2 M2 - L4[] M2 C4 M16Y C16X - L3[W] N64 M4 C2 - L2[W] Q1 - L1[I] Q1 - L0[O] Q1 
[  6] Utilization = 1.00 | pJ/Compute =   17.552 | L5[WIO] M2 N2 C2 - L4[I] M4 M16Y C16X - L3[W] N32 M2 C8 - L2[W] Q1 - L1[I] Q1 - L0[O] Q1 
[  0] Utilization = 1.00 | pJ/Compute =   35.052 | L5[WIO] C8 M2 N2 - L4[W] M4 N4 M16Y C16X - L3[W] C2 N2 M2 - L2[W] N4 - L1[I] Q1 - L0[O] Q1 
[  2] Utilization = 1.00 | pJ/Compute =   21.221 | L5[WIO] M2 C2 - L4[] M2 M16Y C16X - L3[W] N64 M4 C8 - L2[W] Q1 - L1[I] Q1 - L0[O] Q1 
[  0] Utilization = 1.00 | pJ/Compute =   30.484 | L5[WIO] C8 M2 N2 - L4[I] M4 N4 M16Y C16X - L3[W] C2 N2 M2 - L2[W] N4 - L1[I] Q1 - L0[O] Q1 
[  1] Utilization = 1.00 | pJ/Compute =   19.673 | L5[WIO] N2 M2 C2 - L4[I] C2 M4 M16Y C16X - L3[W] N32 M2 C4 - L2[W] Q1 - L1[I] Q1 - L0[O] Q1 
[  5] Utilization = 1.00 | pJ/Compute =   23.343 | L5[WIO] C2 M2 - L4[] M2 C2 M16Y C16X - L3[W] N64 M4 C4 - L2[W] Q1 - L1[I] Q1 - L0[O] Q1 
[  7] Utilization = 1.00 | pJ/Compute =   21.319 | L5[WIO] C2 M2 - L4[I] M2 C4 M16Y C16X - L3[W] N64 M4 C2 - L2[W] Q1 - L1[I] Q1 - L0[O] Q1 
[  5] Utilization = 1.00 | pJ/Compute =   17.075 | L5[WIO] C2 M2 - L4[I] M2 C2 M16Y C16X - L3[W] N64 M4 C4 - L2[W] Q1 - L1[I] Q1 - L0[O] Q1 
[  2] Utilization = 1.00 | pJ/Compute =   15.527 | L5[WIO] M2 C2 - L4[I] M2 M16Y C16X - L3[W] N64 M4 C8 - L2[W] Q1 - L1[I] Q1 - L0[O] Q1 
[  3] Utilization = 1.00 | pJ/Compute =   33.480 | L5[WIO] N4 C2 - L4[I] M2 C8 M16Y C16X - L3[W] M8 N4 - L2[W] N4 - L1[I] Q1 - L0[O] Q1 
[  2] Utilization = 1.00 | pJ/Compute =   14.953 | L5[WIO] C2 M2 - L4[I] M2 M16Y C16X - L3[W] M4 N64 C8 - L2[W] Q1 - L1[I] Q1 - L0[O] Q1 
[  6] Utilization = 1.00 | pJ/Compute =   16.978 | L5[WIO] C2 N2 M2 - L4[I] M4 M16Y C16X - L3[W] N32 M2 C8 - L2[W] Q1 - L1[I] Q1 - L0[O] Q1 
[  1] Utilization = 1.00 | pJ/Compute =   19.100 | L5[WIO] C2 N2 M2 - L4[I] M4 C2 M16Y C16X - L3[W] M2 N32 C4 - L2[W] Q1 - L1[I] Q1 - L0[O] Q1 
[  0] Utilization = 1.00 | pJ/Compute =   30.164 | L5[WIO] N2 M2 C8 - L4[I] M4 N4 M16Y C16X - L3[W] M2 C2 N2 - L2[W] N4 - L1[I] Q1 - L0[O] Q1 
[  4] Utilization = 1.00 | pJ/Compute =   34.601 | L5[WIO] N4 M2 - L4[I] C4 M8 N8 M16Y C16X - L3[W] C4 - L2[W] N2 - L1[I] Q1 - L0[O] Q1 
[  3] Utilization = 1.00 | pJ/Compute =   32.271 | L5[WIO] C8 M4 N2 - L4[I] M2 N16 M16Y C16X - L3[W] M2 C2 - L2[W] N2 - L1[I] Q1 - L0[O] Q1 
[  0] Utilization = 1.00 | pJ/Compute =   29.911 | L5[WIO] C8 N2 M2 - L4[I] M4 N4 M16Y C16X - L3[W] C2 N2 M2 - L2[W] N4 - L1[I] Q1 - L0[O] Q1 
[  3] Utilization = 1.00 | pJ/Compute =   30.551 | L5[WIO] C8 N2 M4 - L4[I] M2 N16 M16Y C16X - L3[W] C2 M2 - L2[W] N2 - L1[I] Q1 - L0[O] Q1 
[  4] Utilization = 1.00 | pJ/Compute =   32.271 | L5[WIO] N2 M4 C8 - L4[I] M2 C2 N16 M16Y C16X - L3[W] M2 - L2[W] N2 - L1[I] Q1 - L0[O] Q1 
[  4] Utilization = 1.00 | pJ/Compute =   30.551 | L5[WIO] C8 N2 M4 - L4[I] M2 C2 N16 M16Y C16X - L3[W] M2 - L2[W] N2 - L1[I] Q1 - L0[O] Q1 
[  3] Utilization = 1.00 | pJ/Compute =   27.286 | L5[WIO] C4 M8 - L4[I] M2 C4 N2 M16Y C16X - L3[W] N8 - L2[W] N4 - L1[I] Q1 - L0[O] Q1 
[  4] Utilization = 1.00 | pJ/Compute =   30.247 | L5[WIO] M4 C2 - L4[I] C4 M4 N32 M16Y C16X - L3[W] C2 N2 - L2[W] Q1 - L1[I] Q1 - L0[O] Q1 
[  0] Utilization = 1.00 | pJ/Compute =   23.343 | L5[WIO] C4 M4 - L4[] M4 N32 M16Y C16X - L3[W] N2 C4 - L2[W] Q1 - L1[I] Q1 - L0[O] Q1 
[  0] Utilization = 1.00 | pJ/Compute =   17.075 | L5[WIO] C4 M4 - L4[I] M4 N32 M16Y C16X - L3[W] N2 C4 - L2[W] Q1 - L1[I] Q1 - L0[O] Q1 
[  4] Utilization = 1.00 | pJ/Compute =   27.587 | L5[WIO] C2 M4 - L4[] C4 M4 N32 M16Y C16X - L3[W] N2 C2 - L2[W] Q1 - L1[I] Q1 - L0[O] Q1 
[  4] Utilization = 1.00 | pJ/Compute =   21.319 | L5[WIO] C2 M4 - L4[I] C4 M4 N32 M16Y C16X - L3[W] N2 C2 - L2[W] Q1 - L1[I] Q1 - L0[O] Q1 
[  7] Utilization = 1.00 | pJ/Compute =   16.978 | L5[WIO] N2 - L4[I] M2 C2 M16Y C16X - L3[W] M8 N32 C8 - L2[W] Q1 - L1[I] Q1 - L0[O] Q1 
[  3] Utilization = 1.00 | pJ/Compute =   22.185 | L5[WIO] N2 - L4[] M2 M16Y C16X - L3[W] M8 N32 C16 - L2[W] Q1 - L1[I] Q1 - L0[O] Q1 
[  3] Utilization = 1.00 | pJ/Compute =   21.058 | L5[WIO] N2 - L4[W] M2 M16Y C16X - L3[W] M8 N32 C16 - L2[W] Q1 - L1[I] Q1 - L0[O] Q1 
[  3] Utilization = 1.00 | pJ/Compute =   15.917 | L5[WIO] N2 - L4[I] M2 M16Y C16X - L3[W] M8 N32 C16 - L2[W] Q1 - L1[I] Q1 - L0[O] Q1 
[  7] Utilization = 1.00 | pJ/Compute =   13.892 | L5[WIO] Q1 - L4[I] M8 N64 M16Y C16X - L3[W] M2 C16 - L2[W] Q1 - L1[I] Q1 - L0[O] Q1 
[  1] Utilization = 1.00 | pJ/Compute =   17.075 | L5[WIO] C4 M2 - L4[I] N4 M16Y C16X - L3[W] N16 M8 C4 - L2[W] Q1 - L1[I] Q1 - L0[O] Q1 
[  0] Utilization = 1.00 | pJ/Compute =   14.953 | L5[WIO] C2 - L4[I] M16 N64 M16Y C16X - L3[W] C8 - L2[W] Q1 - L1[I] Q1 - L0[O] Q1 
[  4] Utilization = 1.00 | pJ/Compute =   21.221 | L5[WIO] C2 - L4[] M4 M16Y C16X - L3[W] N64 M4 C8 - L2[W] Q1 - L1[I] Q1 - L0[O] Q1 
[  4] Utilization = 1.00 | pJ/Compute =   14.953 | L5[WIO] C2 - L4[I] M4 M16Y C16X - L3[W] N64 M4 C8 - L2[W] Q1 - L1[I] Q1 - L0[O] Q1 
[  5] Utilization = 1.00 | pJ/Compute =   16.978 | L5[WIO] N2 - L4[I] C2 N32 M16Y C16X - L3[W] M16 C8 - L2[W] Q1 - L1[I] Q1 - L0[O] Q1 
[  6] Utilization = 1.00 | pJ/Compute =   15.613 | L5[WIO] M4 N2 - L4[I] N32 M16Y C16X - L3[W] M4 C16 - L2[W] Q1 - L1[I] Q1 - L0[O] Q1 
[  6] Utilization = 1.00 | pJ/Compute =   14.953 | L5[WIO] Q1 - L4[I] C2 M4 N8 M16Y C16X - L3[W] N8 M4 C8 - L2[W] Q1 - L1[I] Q1 - L0[O] Q1 
[  1] Utilization = 1.00 | pJ/Compute =   14.953 | L5[WIO] C2 - L4[I] M2 N2 M16Y C16X - L3[W] M8 N32 C8 - L2[W] Q1 - L1[I] Q1 - L0[O] Q1 
[  2] Utilization = 1.00 | pJ/Compute =   13.892 | L5[WIO] Q1 - L4[I] M4 N8 M16Y C16X - L3[W] N8 M4 C16 - L2[W] Q1 - L1[I] Q1 - L0[O] Q1 
[  0] Utilization = 1.00 | pJ/Compute =   13.892 | L5[WIO] M8 - L4[I] N64 M16Y C16X - L3[W] M2 C16 - L2[W] Q1 - L1[I] Q1 - L0[O] Q1 
[  5] Utilization = 1.00 | pJ/Compute =   14.953 | L5[WIO] M4 - L4[I] C2 M4 N32 M16Y C16X - L3[W] N2 C8 - L2[W] Q1 - L1[I] Q1 - L0[O] Q1 
[  1] Utilization = 1.00 | pJ/Compute =   13.892 | L5[WIO] M4 - L4[I] M4 N32 M16Y C16X - L3[W] N2 C16 - L2[W] Q1 - L1[I] Q1 - L0[O] Q1 
[  6] Utilization = 1.00 | pJ/Compute =   13.892 | L5[WIO] Q1 - L4[I] M16 N4 M16Y C16X - L3[W] N16 C16 - L2[W] Q1 - L1[I] Q1 - L0[O] Q1 
[  3] Utilization = 1.00 | pJ/Compute =   15.613 | L5[WIO] M4 N16 - L4[I] Q1 M16Y C16X - L3[W] N4 M4 C16 - L2[W] Q1 - L1[I] Q1 - L0[O] Q1 
[  4] Utilization = 1.00 | pJ/Compute =   13.892 | L5[WIO] Q1 - L4[I] M8 M16Y C16X - L3[W] N64 M2 C16 - L2[W] Q1 - L1[I] Q1 - L0[O] Q1 
[  3] Utilization = 1.00 | pJ/Compute =   14.953 | L5[WIO] M2 - L4[I] C2 M2 N64 M16Y C16X - L3[W] M4 C8 - L2[W] Q1 - L1[I] Q1 - L0[O] Q1 
[  5] Utilization = 1.00 | pJ/Compute =   13.892 | L5[WIO] M4 - L4[I] N4 M16Y C16X - L3[W] N16 M4 C16 - L2[W] Q1 - L1[I] Q1 - L0[O] Q1 
[  7] STATEMENT: 5000 suboptimal mappings found since the last upgrade, terminating search.
[  3] Utilization = 1.00 | pJ/Compute =   14.466 | L5[WIO] M2 N2 - L4[I] N32 M16Y C16X - L3[W] M8 C16 - L2[W] Q1 - L1[I] Q1 - L0[O] Q1 
[  0] STATEMENT: 5000 suboptimal mappings found since the last upgrade, terminating search.
[  1] STATEMENT: 5000 suboptimal mappings found since the last upgrade, terminating search.
[  2] STATEMENT: 5000 suboptimal mappings found since the last upgrade, terminating search.
[  4] STATEMENT: 5000 suboptimal mappings found since the last upgrade, terminating search.
[  6] STATEMENT: 5000 suboptimal mappings found since the last upgrade, terminating search.
[  3] Utilization = 1.00 | pJ/Compute =   13.892 | L5[WIO] Q1 - L4[I] M8 N4 M16Y C16X - L3[W] N16 M2 C16 - L2[W] Q1 - L1[I] Q1 - L0[O] Q1 
[  5] STATEMENT: 5000 suboptimal mappings found since the last upgrade, terminating search.
[  3] STATEMENT: 5000 suboptimal mappings found since the last upgrade, terminating search.
