[  2] Utilization = 0.25 | pJ/Compute =    4.417 | L5[WIO] Q1 - L4[IO] N128 C4X - L3[I] Q1 M4Y - L2[W] C16 - L1[O] M64 C4Y - L0[W] Q1 
[  0] Utilization = 0.06 | pJ/Compute =    4.600 | L5[WIO] Q1 - L4[IO] N128 - L3[I] Q1 M4Y - L2[W] C64 - L1[O] M64 C4Y - L0[W] Q1 
[  4] Utilization = 0.50 | pJ/Compute =    4.386 | L5[WIO] Q1 - L4[IO] N128 C8X - L3[I] Q1 M4Y - L2[W] C8 - L1[O] M64 C4Y - L0[W] Q1 
[  1] Utilization = 0.12 | pJ/Compute =    4.478 | L5[WIO] Q1 - L4[IO] N128 C2X - L3[I] Q1 M4Y - L2[W] C32 - L1[O] M64 C4Y - L0[W] Q1 
[  7] Utilization = 0.06 | pJ/Compute =  131.630 | L5[WIO] Q1 - L4[IO] N128 C2 - L3[I] Q1 M4Y - L2[W] C32 - L1[O] M64 C4Y - L0[W] Q1 
[  6] Utilization = 1.00 | pJ/Compute =    4.371 | L5[WIO] Q1 - L4[IO] N128 C16X - L3[I] Q1 M4Y - L2[W] C4 - L1[O] M64 C4Y - L0[W] Q1 
[  3] Utilization = 1.00 | pJ/Compute =  131.401 | L5[WIO] N128 C2 - L4[IO] C2 C2X M8X - L3[I] Q1 M4Y - L2[W] C8 - L1[O] M8 C4Y - L0[W] Q1 
[  2] Utilization = 0.50 | pJ/Compute =  131.417 | L5[WIO] N128 C2 - L4[IO] C2 M8X - L3[I] Q1 M4Y - L2[W] C16 - L1[O] M8 C4Y - L0[W] Q1 
[  7] Utilization = 0.50 | pJ/Compute =  131.417 | L5[WIO] N128 C2 - L4[IO] C4 M8X - L3[I] Q1 M4Y - L2[W] C8 - L1[O] M8 C4Y - L0[W] Q1 
[  1] Utilization = 1.00 | pJ/Compute =  131.401 | L5[WIO] N4 - L4[IO] N32 M8 C2X M8X - L3[I] Q1 M4Y - L2[W] C32 - L1[O] Q1 C4Y - L0[W] Q1 
[  0] Utilization = 0.50 | pJ/Compute =  131.417 | L5[WIO] N4 - L4[IO] N32 M8 M8X - L3[I] Q1 M4Y - L2[W] C64 - L1[O] Q1 C4Y - L0[W] Q1 
[  5] Utilization = 1.00 | pJ/Compute =  131.404 | L5[WIO] N64 M4 - L4[IO] N2 M2 C8 C4X M4X - L3[I] Q1 M4Y - L2[W] C2 - L1[O] M2 C4Y - L0[W] Q1 
[  2] Utilization = 1.00 | pJ/Compute =  131.400 | L5[WIO] N128 M4 - L4[IO] M16 C16X - L3[I] Q1 M4Y - L2[W] C4 - L1[O] Q1 C4Y - L0[W] Q1 
[  0] Utilization = 1.00 | pJ/Compute =  131.904 | L5[WIO] M2 C2 - L4[IO] N128 C8 C2X M8X - L3[I] Q1 M4Y - L2[W] C2 - L1[O] M4 C4Y - L0[W] Q1 
[  4] Utilization = 1.00 | pJ/Compute =  131.904 | L5[WIO] M2 C2 - L4[IO] N128 C16 C2X M8X - L3[I] Q1 M4Y - L2[W] Q1 - L1[O] M4 C4Y - L0[W] Q1 
[  0] Utilization = 1.00 | pJ/Compute =  131.405 | L5[WIO] Q1 - L4[IO] N128 M32 C2 C16X - L3[I] Q1 M4Y - L2[W] C2 - L1[O] M2 C4Y - L0[W] Q1 
[  0] Utilization = 1.00 | pJ/Compute =   35.935 | L5[WIO] N32 M2 C16 - L4[IO] N4 C4X M4X - L3[I] Q1 M4Y - L2[W] Q1 - L1[O] M8 C4Y - L0[W] Q1 
[  5] Utilization = 1.00 | pJ/Compute =   35.380 | L5[WIO] N32 M2 - L4[IO] N4 C2X M8X - L3[I] Q1 M4Y - L2[W] C32 - L1[O] M4 C4Y - L0[W] Q1 
[  4] Utilization = 1.00 | pJ/Compute =  131.404 | L5[WIO] N16 M2 - L4[IO] N8 M2 C32 C2X M8X - L3[I] Q1 M4Y - L2[W] Q1 - L1[O] M2 C4Y - L0[W] Q1 
[  7] Utilization = 1.00 | pJ/Compute =  131.412 | L5[WIO] N64 C4 - L4[IO] N2 M16 C4X M4X - L3[I] Q1 M4Y - L2[W] C4 - L1[O] Q1 C4Y - L0[W] Q1 
[  2] Utilization = 1.00 | pJ/Compute =    6.881 | L5[WIO] N2 M4 C4 - L4[IO] N64 C2X M8X - L3[I] Q1 M4Y - L2[W] C8 - L1[O] M2 C4Y - L0[W] Q1 
[  1] Utilization = 1.00 | pJ/Compute =   38.924 | L5[WIO] N32 M8 C4 - L4[IO] N4 C16X - L3[I] Q1 M4Y - L2[W] Q1 - L1[O] M8 C4Y - L0[W] Q1 
[  5] Utilization = 1.00 | pJ/Compute =   11.376 | L5[WIO] N8 C2 - L4[IO] N16 C2X M8X - L3[I] Q1 M4Y - L2[W] C16 - L1[O] M8 C4Y - L0[W] Q1 
[  0] Utilization = 1.00 | pJ/Compute =    7.428 | L5[WIO] N4 C16 - L4[IO] N32 C4X M4X - L3[I] Q1 M4Y - L2[W] Q1 - L1[O] M16 C4Y - L0[W] Q1 
[  1] Utilization = 1.00 | pJ/Compute =    7.387 | L5[WIO] N4 C2 - L4[IO] N32 C16X - L3[I] Q1 M4Y - L2[W] C2 - L1[O] M64 C4Y - L0[W] Q1 
[  2] Utilization = 1.00 | pJ/Compute =    4.372 | L5[WIO] Q1 - L4[IO] N128 C4X M4X - L3[I] Q1 M4Y - L2[W] C16 - L1[O] M16 C4Y - L0[W] Q1 
[  4] Utilization = 1.00 | pJ/Compute =   68.944 | L5[WIO] N64 M4 C16 - L4[IO] N2 C4X M4X - L3[I] Q1 M4Y - L2[W] Q1 - L1[O] M4 C4Y - L0[W] Q1 
[  1] Utilization = 1.00 | pJ/Compute =    4.372 | L5[WIO] N4 - L4[IO] N32 C2X M8X - L3[I] Q1 M4Y - L2[W] C32 - L1[O] M8 C4Y - L0[W] Q1 
[  0] Utilization = 1.00 | pJ/Compute =    4.371 | L5[WIO] N16 - L4[IO] N8 C8X M2X - L3[I] Q1 M4Y - L2[W] C8 - L1[O] M32 C4Y - L0[W] Q1 
[  7] Utilization = 1.00 | pJ/Compute =    8.885 | L5[WIO] N4 M4 C4 - L4[IO] N32 C4X M4X - L3[I] Q1 M4Y - L2[W] C4 - L1[O] M4 C4Y - L0[W] Q1 
[  4] Utilization = 1.00 | pJ/Compute =   34.903 | L5[WIO] N16 M32 C8 - L4[IO] N8 C8X M2X - L3[I] Q1 M4Y - L2[W] Q1 - L1[O] Q1 C4Y - L0[W] Q1 
[  4] Utilization = 1.00 | pJ/Compute =   12.936 | L5[WIO] N8 M4 C32 - L4[IO] N16 C2X M8X - L3[I] Q1 M4Y - L2[W] Q1 - L1[O] M2 C4Y - L0[W] Q1 
[  5] Utilization = 1.00 | pJ/Compute =    4.416 | L5[WIO] C4 - L4[IO] N128 C16X - L3[I] Q1 M4Y - L2[W] Q1 - L1[O] M64 C4Y - L0[W] Q1 
[  4] Utilization = 1.00 | pJ/Compute =    7.374 | L5[WIO] N4 M8 - L4[IO] N32 C8X M2X - L3[I] Q1 M4Y - L2[W] C8 - L1[O] M4 C4Y - L0[W] Q1 
[  3] Utilization = 1.00 | pJ/Compute =   12.906 | L5[WIO] N2 M16 C8 - L4[IO] N64 C4X M4X - L3[I] Q1 M4Y - L2[W] C2 - L1[O] Q1 C4Y - L0[W] Q1 
[  3] Utilization = 1.00 | pJ/Compute =    5.383 | L5[WIO] N2 C4 - L4[IO] N64 C4X M4X - L3[I] Q1 M4Y - L2[W] C4 - L1[O] M16 C4Y - L0[W] Q1 
[  4] Utilization = 1.00 | pJ/Compute =    5.929 | L5[WIO] M4 C16 - L4[IO] N128 C4X M4X - L3[I] Q1 M4Y - L2[W] Q1 - L1[O] M4 C4Y - L0[W] Q1 
[  7] Utilization = 1.00 | pJ/Compute =    4.905 | L5[WIO] M2 C32 - L4[IO] N128 M16X - L3[I] Q1 M4Y - L2[W] C2 - L1[O] M2 C4Y - L0[W] Q1 
[  3] Utilization = 1.00 | pJ/Compute =    4.883 | L5[WIO] M2 C4 - L4[IO] N128 C4X M4X - L3[I] Q1 M4Y - L2[W] C4 - L1[O] M8 C4Y - L0[W] Q1 
[  3] Utilization = 1.00 | pJ/Compute =    4.398 | L5[WIO] C8 - L4[IO] N128 C4X M4X - L3[I] Q1 M4Y - L2[W] C2 - L1[O] M16 C4Y - L0[W] Q1 
[  4] Utilization = 1.00 | pJ/Compute =    5.375 | L5[WIO] N2 M2 - L4[IO] N64 M16X - L3[I] Q1 M4Y - L2[W] C64 - L1[O] M2 C4Y - L0[W] Q1 
[  3] Utilization = 1.00 | pJ/Compute =    4.379 | L5[WIO] C2 - L4[IO] N128 C8X M2X - L3[I] Q1 M4Y - L2[W] C4 - L1[O] M32 C4Y - L0[W] Q1 
[  4] Utilization = 1.00 | pJ/Compute =    4.431 | L5[WIO] C32 - L4[IO] N128 C2X M8X - L3[I] Q1 M4Y - L2[W] Q1 - L1[O] M8 C4Y - L0[W] Q1 
[  7] Utilization = 1.00 | pJ/Compute =    4.401 | L5[WIO] C16 - L4[IO] N128 C2X M8X - L3[I] Q1 M4Y - L2[W] C2 - L1[O] M8 C4Y - L0[W] Q1 
[  6] STATEMENT: 3000 suboptimal mappings found since the last upgrade, terminating search.
[  2] STATEMENT: 3000 suboptimal mappings found since the last upgrade, terminating search.
[  0] STATEMENT: 3000 suboptimal mappings found since the last upgrade, terminating search.
[  1] STATEMENT: 3000 suboptimal mappings found since the last upgrade, terminating search.
[  5] STATEMENT: 3000 suboptimal mappings found since the last upgrade, terminating search.
[  4] Utilization = 1.00 | pJ/Compute =    4.379 | L5[WIO] M4 - L4[IO] N128 M16X - L3[I] Q1 M4Y - L2[W] C64 - L1[O] Q1 C4Y - L0[W] Q1 
[  3] STATEMENT: 3000 suboptimal mappings found since the last upgrade, terminating search.
[  7] STATEMENT: 3000 suboptimal mappings found since the last upgrade, terminating search.
[  4] Utilization = 1.00 | pJ/Compute =    4.372 | L5[WIO] M4 - L4[IO] N128 C8X M2X - L3[I] Q1 M4Y - L2[W] C8 - L1[O] M8 C4Y - L0[W] Q1 
[  4] STATEMENT: 3000 suboptimal mappings found since the last upgrade, terminating search.
