[  2] Utilization = 0.01 | pJ/Compute =  140.535 | L5[WIO] N16384 M16 - L4[IO] M2 C283 - L3[] Q1 - L2[I] Q1 - L1[W] Q1 - L0[O] M4 
[  3] Utilization = 0.01 | pJ/Compute =  192.849 | L5[WIO] N16384 M16 C283 - L4[IO] M2 - L3[] Q1 - L2[I] Q1 - L1[W] Q1 - L0[O] M4 
[  7] Utilization = 0.01 | pJ/Compute =  192.879 | L5[WIO] N16384 M16 C283 - L4[IO] M2 - L3[] Q1 M2Y - L2[I] Q1 - L1[W] Q1 - L0[O] M2 
[  6] Utilization = 0.01 | pJ/Compute =  140.594 | L5[WIO] N16384 M16 - L4[IO] M2 C283 - L3[] Q1 M2Y - L2[I] Q1 - L1[W] Q1 - L0[O] M2 
[  2] Utilization = 0.01 | pJ/Compute =  138.188 | L5[WIO] N512 - L4[IO] M16 N32 C283 - L3[] Q1 - L2[I] Q1 - L1[W] Q1 - L0[O] M8 
[  3] Utilization = 0.01 | pJ/Compute =   50.110 | L5[WIO] N512 C283 - L4[IO] M16 N32 - L3[] Q1 - L2[I] Q1 - L1[W] Q1 - L0[O] M8 
[  7] Utilization = 0.01 | pJ/Compute =   50.139 | L5[WIO] N512 C283 - L4[IO] M16 N32 - L3[] Q1 M2Y - L2[I] Q1 - L1[W] Q1 - L0[O] M4 
[  6] Utilization = 0.01 | pJ/Compute =  138.218 | L5[WIO] N512 - L4[IO] M16 N32 C283 - L3[] Q1 M2Y - L2[I] Q1 - L1[W] Q1 - L0[O] M4 
[  2] Utilization = 0.01 | pJ/Compute =  140.594 | L5[WIO] N8192 - L4[IO] M32 N2 C283 M2X - L3[] Q1 - L2[I] Q1 - L1[W] Q1 - L0[O] M2 
[  6] Utilization = 0.02 | pJ/Compute =  140.712 | L5[WIO] N8192 - L4[IO] M32 N2 C283 M2X - L3[] Q1 M2Y - L2[I] Q1 - L1[W] Q1 - L0[O] Q1 
[  2] Utilization = 0.05 | pJ/Compute =  136.001 | L5[WIO] N128 - L4[IO] N128 C283 - L3[] Q1 M8Y - L2[I] Q1 - L1[W] Q1 - L0[O] M16 
[  3] Utilization = 0.01 | pJ/Compute =  113.259 | L5[WIO] N8192 C283 - L4[IO] M32 N2 M2X - L3[] Q1 - L2[I] Q1 - L1[W] Q1 - L0[O] M2 
[  7] Utilization = 0.02 | pJ/Compute =  113.377 | L5[WIO] N8192 C283 - L4[IO] M32 N2 M2X - L3[] Q1 M2Y - L2[I] Q1 - L1[W] Q1 - L0[O] Q1 
[  3] Utilization = 0.05 | pJ/Compute =   44.886 | L5[WIO] N128 C283 - L4[IO] N128 - L3[] Q1 M8Y - L2[I] Q1 - L1[W] Q1 - L0[O] M16 
[  6] Utilization = 0.05 | pJ/Compute =  138.395 | L5[WIO] N2048 M16 - L4[IO] N8 C283 - L3[] Q1 M8Y - L2[I] Q1 - L1[W] Q1 - L0[O] Q1 
[  7] Utilization = 0.02 | pJ/Compute =   68.223 | L5[WIO] N2048 M4 C283 - L4[IO] M8 N8 M4X - L3[] Q1 - L2[I] Q1 - L1[W] Q1 - L0[O] Q1 
[  7] Utilization = 0.05 | pJ/Compute =   46.005 | L5[WIO] N64 M2 C283 - L4[IO] M2 N256 - L3[] Q1 M8Y - L2[I] Q1 - L1[W] Q1 - L0[O] M4 
[  6] Utilization = 0.05 | pJ/Compute =  136.480 | L5[WIO] N256 M4 - L4[IO] N64 C283 M2X - L3[] Q1 M4Y - L2[I] Q1 - L1[W] Q1 - L0[O] M4 
[  6] Utilization = 0.10 | pJ/Compute =  136.190 | L5[WIO] N512 M2 - L4[IO] N32 C283 M8X - L3[] Q1 M2Y - L2[I] Q1 - L1[W] Q1 - L0[O] M4 
[  7] Utilization = 0.09 | pJ/Compute =   49.259 | L5[WIO] N512 M2 C283 - L4[IO] N32 M8X - L3[] Q1 M2Y - L2[I] Q1 - L1[W] Q1 - L0[O] M4 
[  3] Utilization = 0.09 | pJ/Compute =   77.954 | L5[WIO] N4096 M2 C283 - L4[IO] M2 N4 M2X - L3[] Q1 M8Y - L2[I] Q1 - L1[W] Q1 - L0[O] M2 
[  2] Utilization = 0.10 | pJ/Compute =  136.539 | L5[WIO] N4096 M2 - L4[IO] M2 N4 C283 M2X - L3[] Q1 M8Y - L2[I] Q1 - L1[W] Q1 - L0[O] M2 
[  6] Utilization = 0.19 | pJ/Compute =  136.045 | L5[WIO] N16384 - L4[IO] C283 M8X - L3[] Q1 M4Y - L2[I] Q1 - L1[W] Q1 - L0[O] M4 
[  7] Utilization = 0.19 | pJ/Compute =  136.045 | L5[WIO] N16384 C283 - L4[IO] Q1 M8X - L3[] Q1 M4Y - L2[I] Q1 - L1[W] Q1 - L0[O] M4 
[  3] Utilization = 0.10 | pJ/Compute =  136.016 | L5[WIO] N16384 C283 - L4[IO] Q1 M8X - L3[] Q1 M2Y - L2[I] Q1 - L1[W] Q1 - L0[O] M8 
[  2] Utilization = 0.10 | pJ/Compute =  136.016 | L5[WIO] N16384 - L4[IO] C283 M8X - L3[] Q1 M2Y - L2[I] Q1 - L1[W] Q1 - L0[O] M8 
[  2] Utilization = 0.19 | pJ/Compute =  136.249 | L5[WIO] N2048 - L4[IO] M2 N8 C283 M4X - L3[] Q1 M8Y - L2[I] Q1 - L1[W] Q1 - L0[O] M2 
[  2] Utilization = 0.19 | pJ/Compute =  136.045 | L5[WIO] N128 - L4[IO] N128 C283 M4X - L3[] Q1 M8Y - L2[I] Q1 - L1[W] Q1 - L0[O] M4 
[  6] Utilization = 0.38 | pJ/Compute =  136.367 | L5[WIO] N1024 M2 - L4[IO] N16 C283 M8X - L3[] Q1 M8Y - L2[I] Q1 - L1[W] Q1 - L0[O] Q1 
[  3] Utilization = 0.19 | pJ/Compute =  137.396 | L5[WIO] N16384 M2 C283 - L4[IO] Q1 M4X - L3[] Q1 M8Y - L2[I] Q1 - L1[W] Q1 - L0[O] M2 
[  2] Utilization = 0.38 | pJ/Compute =  136.104 | L5[WIO] N128 - L4[IO] N128 C283 M8X - L3[] Q1 M8Y - L2[I] Q1 - L1[W] Q1 - L0[O] M2 
[  1] STATEMENT: 15000 invalid mappings (15000 fanout, 0 capacity) found since the last valid mapping, terminating search.
[  5] STATEMENT: 15000 invalid mappings (15000 fanout, 0 capacity) found since the last valid mapping, terminating search.
[  4] STATEMENT: 15000 invalid mappings (4057 fanout, 10943 capacity) found since the last valid mapping, terminating search.
[  3] Utilization = 0.38 | pJ/Compute =  136.104 | L5[WIO] N16384 C283 - L4[IO] Q1 M8X - L3[] Q1 M8Y - L2[I] Q1 - L1[W] Q1 - L0[O] M2 
[  0] STATEMENT: 15000 invalid mappings (2309 fanout, 12691 capacity) found since the last valid mapping, terminating search.
[  7] Utilization = 0.38 | pJ/Compute =  137.514 | L5[WIO] N16384 M2 C283 - L4[IO] Q1 M8X - L3[] Q1 M8Y - L2[I] Q1 - L1[W] Q1 - L0[O] Q1 
[  6] STATEMENT: 3000 suboptimal mappings found since the last upgrade, terminating search.
[  2] STATEMENT: 3000 suboptimal mappings found since the last upgrade, terminating search.
[  3] STATEMENT: 3000 suboptimal mappings found since the last upgrade, terminating search.
[  7] STATEMENT: 3000 suboptimal mappings found since the last upgrade, terminating search.
