[  5] Utilization = 0.01 | pJ/Compute =  300.979 | L5[WIO] N16384 M3 C8 - L4[IO] C2 - L3[] Q1 C2Y - L2[I] Q1 - L1[W] C4 - L0[O] Q1 
[  1] Utilization = 0.02 | pJ/Compute =  300.979 | L5[WIO] N16384 M3 C8 - L4[IO] Q1 - L3[] Q1 C4Y - L2[I] Q1 - L1[W] C4 - L0[O] Q1 
[  0] Utilization = 0.01 | pJ/Compute =  300.979 | L5[WIO] N16384 M3 C8 - L4[IO] Q1 - L3[] Q1 C2Y - L2[I] Q1 - L1[W] C8 - L0[O] Q1 
[  4] Utilization = 0.01 | pJ/Compute =  300.979 | L5[WIO] N16384 M3 C8 - L4[IO] C2 - L3[] Q1 - L2[I] Q1 - L1[W] C8 - L0[O] Q1 
[  2] Utilization = 0.05 | pJ/Compute =  300.979 | L5[WIO] N16384 M3 C8 - L4[IO] Q1 - L3[] Q1 C8Y - L2[I] Q1 - L1[W] C2 - L0[O] Q1 
[  7] Utilization = 0.05 | pJ/Compute =  300.979 | L5[WIO] N16384 M3 C8 - L4[IO] C2 - L3[] Q1 C8Y - L2[I] Q1 - L1[W] Q1 - L0[O] Q1 
[  3] Utilization = 0.02 | pJ/Compute =  191.634 | L5[WIO] N512 C4 - L4[IO] N32 C32 - L3[] Q1 M3Y - L2[I] Q1 - L1[W] Q1 - L0[O] Q1 
[  6] Utilization = 0.02 | pJ/Compute =  300.979 | L5[WIO] N16384 M3 C8 - L4[IO] C2 - L3[] Q1 C4Y - L2[I] Q1 - L1[W] C2 - L0[O] Q1 
[  5] Utilization = 0.04 | pJ/Compute =  191.640 | L5[WIO] N512 C4 - L4[IO] N32 C8 - L3[] Q1 M3Y C2Y - L2[I] Q1 - L1[W] C2 - L0[O] Q1 
[  0] Utilization = 0.04 | pJ/Compute =  191.640 | L5[WIO] N512 C4 - L4[IO] N32 C4 - L3[] Q1 M3Y C2Y - L2[I] Q1 - L1[W] C4 - L0[O] Q1 
[  1] Utilization = 0.07 | pJ/Compute =  191.651 | L5[WIO] N512 C4 - L4[IO] N32 C4 - L3[] Q1 M3Y C4Y - L2[I] Q1 - L1[W] C2 - L0[O] Q1 
[  4] Utilization = 0.02 | pJ/Compute =  191.634 | L5[WIO] N512 C4 - L4[IO] N32 C8 - L3[] Q1 M3Y - L2[I] Q1 - L1[W] C4 - L0[O] Q1 
[  6] Utilization = 0.07 | pJ/Compute =  191.651 | L5[WIO] N512 C4 - L4[IO] N32 C8 - L3[] Q1 M3Y C4Y - L2[I] Q1 - L1[W] Q1 - L0[O] Q1 
[  5] Utilization = 0.07 | pJ/Compute =  191.052 | L5[WIO] N8192 C2 - L4[IO] N2 C4 - L3[] Q1 M3Y C4Y - L2[I] Q1 - L1[W] C4 - L0[O] Q1 
[  4] Utilization = 0.02 | pJ/Compute =  305.473 | L5[WIO] N2048 M3 C16 - L4[IO] N8 C2 - L3[] Q1 C4Y - L2[I] Q1 - L1[W] Q1 - L0[O] Q1 
[  3] Utilization = 0.02 | pJ/Compute =  115.207 | L5[WIO] N4096 C32 - L4[IO] M3 N4 - L3[] Q1 C4Y - L2[I] Q1 - L1[W] Q1 - L0[O] Q1 
[  4] Utilization = 0.04 | pJ/Compute =  191.048 | L5[WIO] N8192 C2 - L4[IO] N2 C4 - L3[] Q1 M3Y C2Y - L2[I] Q1 - L1[W] C8 - L0[O] Q1 
[  2] Utilization = 0.07 | pJ/Compute =  190.753 | L5[WIO] N64 - L4[IO] N256 C16 M3X - L3[] Q1 C4Y - L2[I] Q1 - L1[W] C2 - L0[O] Q1 
[  3] Utilization = 0.14 | pJ/Compute =  190.753 | L5[WIO] N64 - L4[IO] N256 C16 M3X - L3[] Q1 C8Y - L2[I] Q1 - L1[W] Q1 - L0[O] Q1 
[  0] Utilization = 0.05 | pJ/Compute =  203.418 | L5[WIO] N64 C2 - L4[IO] M3 N256 C2 - L3[] Q1 C8Y - L2[I] Q1 - L1[W] C4 - L0[O] Q1 
[  7] Utilization = 0.05 | pJ/Compute =  205.262 | L5[WIO] N1024 C8 - L4[IO] M3 N16 C2 - L3[] Q1 C8Y - L2[I] Q1 - L1[W] Q1 - L0[O] Q1 
[  0] Utilization = 0.07 | pJ/Compute =  191.052 | L5[WIO] N32 C2 - L4[IO] N512 C16 M3X - L3[] Q1 C4Y - L2[I] Q1 - L1[W] Q1 - L0[O] Q1 
[  7] Utilization = 0.05 | pJ/Compute =  192.747 | L5[WIO] N2048 C8 - L4[IO] N8 C2 - L3[] Q1 C8Y - L2[I] Q1 - L1[W] Q1 - L0[O] M3 
[  4] Utilization = 0.07 | pJ/Compute =  191.052 | L5[WIO] N32 C2 - L4[IO] N512 C8 - L3[] Q1 M3Y C4Y - L2[I] Q1 - L1[W] C2 - L0[O] Q1 
[  7] Utilization = 0.14 | pJ/Compute =  192.905 | L5[WIO] N8192 C8 - L4[IO] N2 C2 M3X - L3[] Q1 C8Y - L2[I] Q1 - L1[W] Q1 - L0[O] Q1 
[  0] Utilization = 0.14 | pJ/Compute =  191.060 | L5[WIO] N1024 C2 - L4[IO] N16 C2 M3X - L3[] Q1 C8Y - L2[I] Q1 - L1[W] C4 - L0[O] Q1 
[  6] Utilization = 0.07 | pJ/Compute =   62.319 | L5[WIO] N32 C4 - L4[IO] N512 M3X - L3[] Q1 C4Y - L2[I] Q1 - L1[W] C8 - L0[O] Q1 
[  6] Utilization = 0.14 | pJ/Compute =  190.753 | L5[WIO] N512 - L4[IO] N32 C4 M3X - L3[] Q1 C8Y - L2[I] Q1 - L1[W] C4 - L0[O] Q1 
[  4] Utilization = 0.07 | pJ/Compute =  190.753 | L5[WIO] N512 - L4[IO] N32 C4 M3X - L3[] Q1 C4Y - L2[I] Q1 - L1[W] C8 - L0[O] Q1 
[  5] Utilization = 0.14 | pJ/Compute =  191.060 | L5[WIO] N512 C2 - L4[IO] N32 C8 M3X - L3[] Q1 C8Y - L2[I] Q1 - L1[W] Q1 - L0[O] Q1 
[  1] Utilization = 0.07 | pJ/Compute =  128.057 | L5[WIO] N8192 C8 - L4[IO] N2 M3X - L3[] Q1 C4Y - L2[I] Q1 - L1[W] C4 - L0[O] Q1 
[  2] Utilization = 0.14 | pJ/Compute =   69.574 | L5[WIO] N1024 C2 - L4[IO] N16 M3X - L3[] Q1 C8Y - L2[I] Q1 - L1[W] C8 - L0[O] Q1 
[  1] Utilization = 0.07 | pJ/Compute =   65.289 | L5[WIO] N256 C8 - L4[IO] N64 M3X - L3[] Q1 C4Y - L2[I] Q1 - L1[W] C4 - L0[O] Q1 
[  2] Utilization = 0.14 | pJ/Compute =   65.344 | L5[WIO] N256 C8 - L4[IO] N64 M3X - L3[] Q1 C8Y - L2[I] Q1 - L1[W] C2 - L0[O] Q1 
[  1] Utilization = 0.14 | pJ/Compute =   65.810 | L5[WIO] N4 C16 - L4[IO] N4096 M3X - L3[] Q1 C8Y - L2[I] Q1 - L1[W] Q1 - L0[O] Q1 
[  0] Utilization = 0.14 | pJ/Compute =   64.114 | L5[WIO] N256 C4 - L4[IO] N64 M3X - L3[] Q1 C8Y - L2[I] Q1 - L1[W] C4 - L0[O] Q1 
[  0] Utilization = 0.14 | pJ/Compute =   62.343 | L5[WIO] N32 C4 - L4[IO] N512 M3X - L3[] Q1 C8Y - L2[I] Q1 - L1[W] C4 - L0[O] Q1 
[  5] Utilization = 0.14 | pJ/Compute =  190.753 | L5[WIO] N16384 C4 - L4[IO] C2 M3X - L3[] Q1 C8Y - L2[I] Q1 - L1[W] C2 - L0[O] Q1 
[  2] Utilization = 0.14 | pJ/Compute =   63.825 | L5[WIO] N64 C8 - L4[IO] N256 M3X - L3[] Q1 C8Y - L2[I] Q1 - L1[W] C2 - L0[O] Q1 
[  2] Utilization = 0.14 | pJ/Compute =   63.499 | L5[WIO] N256 C2 - L4[IO] N64 M3X - L3[] Q1 C8Y - L2[I] Q1 - L1[W] C8 - L0[O] Q1 
[  2] Utilization = 0.14 | pJ/Compute =   62.487 | L5[WIO] N128 C2 - L4[IO] N128 M3X - L3[] Q1 C8Y - L2[I] Q1 - L1[W] C8 - L0[O] Q1 
[  7] Utilization = 0.14 | pJ/Compute =  190.753 | L5[WIO] N16384 C8 - L4[IO] C2 M3X - L3[] Q1 C8Y - L2[I] Q1 - L1[W] Q1 - L0[O] Q1 
[  2] Utilization = 0.14 | pJ/Compute =   61.728 | L5[WIO] N32 C2 - L4[IO] N512 M3X - L3[] Q1 C8Y - L2[I] Q1 - L1[W] C8 - L0[O] Q1 
[  0] Utilization = 0.14 | pJ/Compute =   62.216 | L5[WIO] N16 C4 - L4[IO] N1024 M3X - L3[] Q1 C8Y - L2[I] Q1 - L1[W] C4 - L0[O] Q1 
[  1] STATEMENT: 3000 suboptimal mappings found since the last upgrade, terminating search.
[  3] STATEMENT: 3000 suboptimal mappings found since the last upgrade, terminating search.
[  6] STATEMENT: 3000 suboptimal mappings found since the last upgrade, terminating search.
[  4] STATEMENT: 3000 suboptimal mappings found since the last upgrade, terminating search.
[  2] STATEMENT: 3000 suboptimal mappings found since the last upgrade, terminating search.
[  7] STATEMENT: 3000 suboptimal mappings found since the last upgrade, terminating search.
[  5] STATEMENT: 3000 suboptimal mappings found since the last upgrade, terminating search.
[  0] STATEMENT: 3000 suboptimal mappings found since the last upgrade, terminating search.
