    _                _                      
   / \   ___ ___ ___| | ___ _ __ __ _ _   _ 
  / _ \ / __/ __/ _ \ |/ _ \ '__/ _` | | | |
 / ___ \ (_| (_|  __/ |  __/ | | (_| | |_| |
/_/   \_\___\___\___|_|\___|_|  \__, |\__, |
                                |___/ |___/ 

Info: generating outputs according to the following specified output flags... 
 Please use the -f flag to update the preference (default to all output files) 
{'ERT': 1, 'ERT_summary': 1, 'ART': 1, 'ART_summary': 1, 'energy_estimation': 1, 'flattened_arch': 1}
Info: config file located: /home/workspace/.config/accelergy/accelergy_config.yaml 
config file content: 
 {'version': 0.3, 'compound_components': [], 'estimator_plug_ins': ['/usr/local/share/accelergy/estimation_plug_ins'], 'primitive_components': ['/usr/local/share/accelergy/primitive_component_libs'], 'table_plug_ins': {'roots': ['/usr/local/share/accelergy/estimation_plug_ins/accelergy-table-based-plug-ins/set_of_table_templates']}}
Warn: Cannot recognize the top key "mapping" in file map/dot-product-1level.yaml 
Warn: Cannot recognize the top key "problem" in file prob/avg.dot-product.prob.yaml 
Info: Parsing file arch/1level.arch.yaml for architecture info 
Info: Found non-numeric expression 45nm. Available bindings: {'technology': '45nm'} 
WARN: Failed to evaluate "45nm". Setting PE.technology="45nm". Available bindings: {'technology': '45nm'}
Info: primitive component file parsed:  /usr/local/share/accelergy/primitive_component_libs/pim_primitive_component.lib.yaml 
Info: primitive component file parsed:  /usr/local/share/accelergy/primitive_component_libs/primitive_component.lib.yaml 
Info: primitive component file parsed:  /usr/local/share/accelergy/primitive_component_libs/soc_primitives.lib.yaml 
Warn: No compound component classes specified, architecture can only contain primitive components 
Info: Found non-numeric expression 5ns. Available bindings: {'depth': 64, 'width': 8, 'datawidth': 8, 'block_size': 1, 'read_bandwidth': 3, 'write_bandwidth': 1, 'technology': '45nm', 'n_ports': 2, 'latency': '5ns'} 
WARN: Failed to evaluate "5ns". Setting PE.Buffer.latency="5ns". Available bindings: {'depth': 64, 'width': 8, 'datawidth': 8, 'block_size': 1, 'read_bandwidth': 3, 'write_bandwidth': 1, 'technology': '45nm', 'n_ports': 2, 'latency': '5ns'}
Info: estimator plug-in identified by:  /usr/local/share/accelergy/estimation_plug_ins/accelergy-cacti-plug-in/cacti.estimator.yaml 
Info: estimator plug-in identified by:  /usr/local/share/accelergy/estimation_plug_ins/dummy_tables/dummy.estimator.yaml 
Info: estimator plug-in identified by:  /usr/local/share/accelergy/estimation_plug_ins/accelergy-aladdin-plug-in/aladdin.estimator.yaml 
Info: estimator plug-in identified by:  /usr/local/share/accelergy/estimation_plug_ins/accelergy-table-based-plug-ins/table.estimator.yaml 
table-based-plug-ins Identifies a set of tables named:  test_tables
Warn: No action counts are specified as yaml input 
Info: flattened architecture is saved to: output/timeloop-model.flattened_architecture.yaml 
Info: energy reference table is saved to: output/timeloop-model.ERT.yaml 
Info: energy reference table summary is saved to: output/timeloop-model.ERT_summary.yaml 
Warn: no runtime energy estimations are generated... not generating energy_estimation.yaml 
Info: area reference table is saved to: output/timeloop-model.ART.yaml 
Info: area reference table summary is saved to: output/timeloop-model.ART_summary.yaml 
