[  1] Utilization = 0.01 | pJ/Compute =  300.332 | L5[WIO] N16384 C16 - L4[IO] C2 - L3[] Q1 C2Y - L2[I] Q1 - L1[W] C4 - L0[O] Q1 
[  0] Utilization = 0.01 | pJ/Compute =  300.332 | L5[WIO] N16384 C16 - L4[IO] C2 - L3[] Q1 - L2[I] Q1 - L1[W] C8 - L0[O] Q1 
[  4] Utilization = 0.01 | pJ/Compute =  300.332 | L5[WIO] N16384 C16 - L4[IO] C4 - L3[] Q1 - L2[I] Q1 - L1[W] C4 - L0[O] Q1 
[  7] Utilization = 0.01 | pJ/Compute =  300.332 | L5[WIO] N16384 C16 - L4[IO] C8 - L3[] Q1 - L2[I] Q1 - L1[W] C2 - L0[O] Q1 
[  5] Utilization = 0.01 | pJ/Compute =  300.332 | L5[WIO] N16384 C16 - L4[IO] C4 - L3[] Q1 C2Y - L2[I] Q1 - L1[W] C2 - L0[O] Q1 
[  2] Utilization = 0.02 | pJ/Compute =  300.332 | L5[WIO] N16384 C16 - L4[IO] C2 - L3[] Q1 C4Y - L2[I] Q1 - L1[W] C2 - L0[O] Q1 
[  3] Utilization = 0.05 | pJ/Compute =  300.332 | L5[WIO] N16384 C16 - L4[IO] C2 - L3[] Q1 C8Y - L2[I] Q1 - L1[W] Q1 - L0[O] Q1 
[  6] Utilization = 0.02 | pJ/Compute =  300.332 | L5[WIO] N16384 C16 - L4[IO] C4 - L3[] Q1 C4Y - L2[I] Q1 - L1[W] Q1 - L0[O] Q1 
[  1] Utilization = 0.05 | pJ/Compute =  300.486 | L5[WIO] N512 C2 - L4[IO] N32 C2 - L3[] Q1 C8Y - L2[I] Q1 - L1[W] C8 - L0[O] Q1 
[  4] Utilization = 0.02 | pJ/Compute =  175.453 | L5[WIO] N8 C32 - L4[IO] N2048 - L3[] Q1 C4Y - L2[I] Q1 - L1[W] C2 - L0[O] Q1 
[  5] Utilization = 0.05 | pJ/Compute =  175.575 | L5[WIO] N8 C32 - L4[IO] N2048 - L3[] Q1 C8Y - L2[I] Q1 - L1[W] Q1 - L0[O] Q1 
[  0] Utilization = 0.02 | pJ/Compute =  304.975 | L5[WIO] N8 C32 - L4[IO] N2048 C2 - L3[] Q1 C4Y - L2[I] Q1 - L1[W] Q1 - L0[O] Q1 
[  7] Utilization = 0.01 | pJ/Compute =  304.915 | L5[WIO] N8 C32 - L4[IO] N2048 C2 - L3[] Q1 C2Y - L2[I] Q1 - L1[W] C2 - L0[O] Q1 
[  2] Utilization = 0.05 | pJ/Compute =  300.332 | L5[WIO] N8192 - L4[IO] N2 C16 - L3[] Q1 C8Y - L2[I] Q1 - L1[W] C2 - L0[O] Q1 
[  0] Utilization = 0.05 | pJ/Compute =  301.408 | L5[WIO] N2048 C8 - L4[IO] N8 C4 - L3[] Q1 C8Y - L2[I] Q1 - L1[W] Q1 - L0[O] Q1 
[  7] Utilization = 0.01 | pJ/Compute =  301.367 | L5[WIO] N4096 C8 - L4[IO] N4 C2 - L3[] Q1 C2Y - L2[I] Q1 - L1[W] C8 - L0[O] Q1 
[  3] Utilization = 0.05 | pJ/Compute =  204.219 | L5[WIO] N4096 C8 - L4[IO] N4 - L3[] Q1 C8Y - L2[I] Q1 - L1[W] C4 - L0[O] Q1 
[  7] Utilization = 0.02 | pJ/Compute =  301.381 | L5[WIO] N2048 C8 - L4[IO] N8 C4 - L3[] Q1 C4Y - L2[I] Q1 - L1[W] C2 - L0[O] Q1 
[  4] Utilization = 0.05 | pJ/Compute =  189.250 | L5[WIO] N2048 C16 - L4[IO] N8 - L3[] Q1 C8Y - L2[I] Q1 - L1[W] C2 - L0[O] Q1 
[  6] Utilization = 0.05 | pJ/Compute =  300.332 | L5[WIO] N16384 C2 - L4[IO] C4 - L3[] Q1 C8Y - L2[I] Q1 - L1[W] C4 - L0[O] Q1 
[  7] Utilization = 0.05 | pJ/Compute =  302.638 | L5[WIO] N256 C16 - L4[IO] N64 C2 - L3[] Q1 C8Y - L2[I] Q1 - L1[W] Q1 - L0[O] Q1 
[  0] Utilization = 0.05 | pJ/Compute =  300.486 | L5[WIO] N512 C2 - L4[IO] N32 C8 - L3[] Q1 C8Y - L2[I] Q1 - L1[W] C2 - L0[O] Q1 
[  0] Utilization = 0.05 | pJ/Compute =  237.845 | L5[WIO] N8192 C16 - L4[IO] N2 - L3[] Q1 C8Y - L2[I] Q1 - L1[W] C2 - L0[O] Q1 
[  1] Utilization = 0.05 | pJ/Compute =  175.765 | L5[WIO] N32 C32 - L4[IO] N512 - L3[] Q1 C8Y - L2[I] Q1 - L1[W] Q1 - L0[O] Q1 
[  0] Utilization = 0.05 | pJ/Compute =  172.835 | L5[WIO] N128 C8 - L4[IO] N128 - L3[] Q1 C8Y - L2[I] Q1 - L1[W] C4 - L0[O] Q1 
[  7] Utilization = 0.05 | pJ/Compute =  300.332 | L5[WIO] N128 - L4[IO] N128 C8 - L3[] Q1 C8Y - L2[I] Q1 - L1[W] C4 - L0[O] Q1 
[  4] Utilization = 0.05 | pJ/Compute =  187.406 | L5[WIO] N2048 C4 - L4[IO] N8 - L3[] Q1 C8Y - L2[I] Q1 - L1[W] C8 - L0[O] Q1 
[  7] Utilization = 0.05 | pJ/Compute =  175.638 | L5[WIO] N16 C32 - L4[IO] N1024 - L3[] Q1 C8Y - L2[I] Q1 - L1[W] Q1 - L0[O] Q1 
[  2] Utilization = 0.05 | pJ/Compute =  173.233 | L5[WIO] N256 C4 - L4[IO] N64 - L3[] Q1 C8Y - L2[I] Q1 - L1[W] C8 - L0[O] Q1 
[  7] Utilization = 0.05 | pJ/Compute =  173.116 | L5[WIO] N8 C16 - L4[IO] N2048 - L3[] Q1 C8Y - L2[I] Q1 - L1[W] C2 - L0[O] Q1 
[  5] Utilization = 0.05 | pJ/Compute =  173.558 | L5[WIO] N64 C16 - L4[IO] N256 - L3[] Q1 C8Y - L2[I] Q1 - L1[W] C2 - L0[O] Q1 
[  3] Utilization = 0.05 | pJ/Compute =  173.305 | L5[WIO] N32 C16 - L4[IO] N512 - L3[] Q1 C8Y - L2[I] Q1 - L1[W] C2 - L0[O] Q1 
[  4] Utilization = 0.05 | pJ/Compute =  172.076 | L5[WIO] N32 C8 - L4[IO] N512 - L3[] Q1 C8Y - L2[I] Q1 - L1[W] C4 - L0[O] Q1 
[  5] Utilization = 0.05 | pJ/Compute =  171.714 | L5[WIO] N64 C4 - L4[IO] N256 - L3[] Q1 C8Y - L2[I] Q1 - L1[W] C8 - L0[O] Q1 
[  6] Utilization = 0.05 | pJ/Compute =  240.304 | L5[WIO] N8192 C32 - L4[IO] N2 - L3[] Q1 C8Y - L2[I] Q1 - L1[W] Q1 - L0[O] Q1 
[  6] Utilization = 0.05 | pJ/Compute =  179.307 | L5[WIO] N1024 C4 - L4[IO] N16 - L3[] Q1 C8Y - L2[I] Q1 - L1[W] C8 - L0[O] Q1 
[  3] Utilization = 0.05 | pJ/Compute =  171.461 | L5[WIO] N32 C4 - L4[IO] N512 - L3[] Q1 C8Y - L2[I] Q1 - L1[W] C8 - L0[O] Q1 
[  7] Utilization = 0.05 | pJ/Compute =  172.220 | L5[WIO] N128 C4 - L4[IO] N128 - L3[] Q1 C8Y - L2[I] Q1 - L1[W] C8 - L0[O] Q1 
[  2] Utilization = 0.05 | pJ/Compute =  171.949 | L5[WIO] N16 C8 - L4[IO] N1024 - L3[] Q1 C8Y - L2[I] Q1 - L1[W] C4 - L0[O] Q1 
[  6] Utilization = 0.05 | pJ/Compute =  172.329 | L5[WIO] N64 C8 - L4[IO] N256 - L3[] Q1 C8Y - L2[I] Q1 - L1[W] C4 - L0[O] Q1 
[  1] Utilization = 0.05 | pJ/Compute =  173.179 | L5[WIO] N16 C16 - L4[IO] N1024 - L3[] Q1 C8Y - L2[I] Q1 - L1[W] C2 - L0[O] Q1 
[  0] STATEMENT: 3000 suboptimal mappings found since the last upgrade, terminating search.
[  2] STATEMENT: 3000 suboptimal mappings found since the last upgrade, terminating search.
[  4] STATEMENT: 3000 suboptimal mappings found since the last upgrade, terminating search.
[  5] STATEMENT: 3000 suboptimal mappings found since the last upgrade, terminating search.
[  3] STATEMENT: 3000 suboptimal mappings found since the last upgrade, terminating search.
[  7] STATEMENT: 3000 suboptimal mappings found since the last upgrade, terminating search.
[  6] STATEMENT: 3000 suboptimal mappings found since the last upgrade, terminating search.
[  1] STATEMENT: 3000 suboptimal mappings found since the last upgrade, terminating search.
