[  4] Utilization = 0.06 | pJ/Compute =  140.339 | L5[WIO] Q1 - L4[] Q1 C16X - L3[O] C16 - L2[W] N64 - L1[I] Q1 - L0[O] Q1 
[  3] Utilization = 0.50 | pJ/Compute =  140.446 | L5[WIO] C2 - L4[] Q1 N8Y C16X - L3[O] C8 N8 - L2[W] Q1 - L1[I] Q1 - L0[O] Q1 
[  5] Utilization = 0.50 | pJ/Compute =  150.015 | L5[WIO] C4 N4 - L4[] Q1 N8Y C16X - L3[O] C4 - L2[W] N2 - L1[I] Q1 - L0[O] Q1 
[  5] Utilization = 0.50 | pJ/Compute =  145.467 | L5[WIO] C4 N4 - L4[W] Q1 N8Y C16X - L3[O] C4 - L2[W] N2 - L1[I] Q1 - L0[O] Q1 
[  0] Utilization = 0.12 | pJ/Compute =  149.650 | L5[WIO] C4 N2 - L4[] N2 N2Y C16X - L3[O] C4 - L2[W] N8 - L1[I] Q1 - L0[O] Q1 
[  7] Utilization = 0.50 | pJ/Compute =  147.879 | L5[WIO] C2 N4 - L4[] C2 N8Y C16X - L3[O] C4 - L2[W] N2 - L1[I] Q1 - L0[O] Q1 
[  1] Utilization = 0.50 | pJ/Compute =  147.879 | L5[WIO] C2 N4 - L4[] C4 N8Y C16X - L3[O] C2 - L2[W] N2 - L1[I] Q1 - L0[O] Q1 
[  6] Utilization = 0.50 | pJ/Compute =  140.446 | L5[WIO] C2 - L4[] C2 N8Y C16X - L3[O] C4 N8 - L2[W] Q1 - L1[I] Q1 - L0[O] Q1 
[  2] Utilization = 0.50 | pJ/Compute =  147.879 | L5[WIO] C2 N4 - L4[] C8 N8Y C16X - L3[O] Q1 - L2[W] N2 - L1[I] Q1 - L0[O] Q1 
[  2] Utilization = 0.50 | pJ/Compute =  143.332 | L5[WIO] C2 N4 - L4[W] C8 N8Y C16X - L3[O] Q1 - L2[W] N2 - L1[I] Q1 - L0[O] Q1 
[  1] Utilization = 0.50 | pJ/Compute =  143.332 | L5[WIO] C2 N4 - L4[W] C4 N8Y C16X - L3[O] C2 - L2[W] N2 - L1[I] Q1 - L0[O] Q1 
[  7] Utilization = 0.50 | pJ/Compute =  143.332 | L5[WIO] C2 N4 - L4[W] C2 N8Y C16X - L3[O] C4 - L2[W] N2 - L1[I] Q1 - L0[O] Q1 
[  0] Utilization = 0.12 | pJ/Compute =  145.102 | L5[WIO] C4 N2 - L4[W] N2 N2Y C16X - L3[O] C4 - L2[W] N8 - L1[I] Q1 - L0[O] Q1 
[  4] Utilization = 0.12 | pJ/Compute =  140.355 | L5[WIO] C8 - L4[] C2 N2Y C16X - L3[O] N2 - L2[W] N16 - L1[I] Q1 - L0[O] Q1 
[  0] Utilization = 1.00 | pJ/Compute =  156.585 | L5[WIO] C8 - L4[] C2 N2 N16Y C16X - L3[O] Q1 - L2[W] N2 - L1[I] Q1 - L0[O] Q1 
[  0] Utilization = 1.00 | pJ/Compute =  150.286 | L5[WIO] C8 - L4[] N2 C2 N16Y C16X - L3[O] Q1 - L2[W] N2 - L1[I] Q1 - L0[O] Q1 
[  1] Utilization = 1.00 | pJ/Compute =  156.585 | L5[WIO] C16 - L4[] N2 N16Y C16X - L3[O] Q1 - L2[W] N2 - L1[I] Q1 - L0[O] Q1 
[  0] Utilization = 1.00 | pJ/Compute =  149.160 | L5[WIO] C8 - L4[W] N2 C2 N16Y C16X - L3[O] Q1 - L2[W] N2 - L1[I] Q1 - L0[O] Q1 
[  0] Utilization = 1.00 | pJ/Compute =  144.454 | L5[WIO] C8 - L4[O] N2 C2 N16Y C16X - L3[O] Q1 - L2[W] N2 - L1[I] Q1 - L0[O] Q1 
[  0] Utilization = 1.00 | pJ/Compute =  143.327 | L5[WIO] C8 - L4[WO] N2 C2 N16Y C16X - L3[O] Q1 - L2[W] N2 - L1[I] Q1 - L0[O] Q1 
[  6] Utilization = 1.00 | pJ/Compute =  144.686 | L5[WIO] Q1 - L4[] N2 N16Y C16X - L3[O] N2 C16 - L2[W] Q1 - L1[I] Q1 - L0[O] Q1 
[  6] Utilization = 1.00 | pJ/Compute =  140.138 | L5[WIO] Q1 - L4[W] N2 N16Y C16X - L3[O] N2 C16 - L2[W] Q1 - L1[I] Q1 - L0[O] Q1 
[  4] Utilization = 0.25 | pJ/Compute =  177.380 | L5[WIO] C8 N2 - L4[] N8 N4Y C16X - L3[O] C2 - L2[W] Q1 - L1[I] Q1 - L0[O] Q1 
[  4] Utilization = 0.25 | pJ/Compute =  152.308 | L5[WIO] C8 N2 - L4[W] N8 N4Y C16X - L3[O] C2 - L2[W] Q1 - L1[I] Q1 - L0[O] Q1 
[  4] Utilization = 0.25 | pJ/Compute =  144.136 | L5[WIO] Q1 - L4[W] C4 N4Y C16X - L3[O] N16 C4 - L2[W] Q1 - L1[I] Q1 - L0[O] Q1 
[  4] Utilization = 0.25 | pJ/Compute =  140.385 | L5[WIO] Q1 - L4[] C4 N4Y C16X - L3[O] C4 N16 - L2[W] Q1 - L1[I] Q1 - L0[O] Q1 
[  4] Utilization = 0.50 | pJ/Compute =  146.812 | L5[WIO] N4 C16 - L4[] Q1 N8Y C16X - L3[O] Q1 - L2[W] N2 - L1[I] Q1 - L0[O] Q1 
[  5] Utilization = 0.50 | pJ/Compute =  142.264 | L5[WIO] N4 - L4[W] C4 N8Y C16X - L3[O] C4 - L2[W] N2 - L1[I] Q1 - L0[O] Q1 
[  4] Utilization = 0.50 | pJ/Compute =  144.211 | L5[WIO] C8 - L4[O] N2 C2 N8Y C16X - L3[O] N4 - L2[W] Q1 - L1[I] Q1 - L0[O] Q1 
[  4] Utilization = 0.50 | pJ/Compute =  143.084 | L5[WIO] C8 - L4[WO] N2 C2 N8Y C16X - L3[O] N4 - L2[W] Q1 - L1[I] Q1 - L0[O] Q1 
[  5] Utilization = 1.00 | pJ/Compute =  142.812 | L5[WIO] N2 - L4[] C4 N16Y C16X - L3[O] C4 N2 - L2[W] Q1 - L1[I] Q1 - L0[O] Q1 
[  5] Utilization = 1.00 | pJ/Compute =  141.685 | L5[WIO] N2 - L4[W] C4 N16Y C16X - L3[O] C4 N2 - L2[W] Q1 - L1[I] Q1 - L0[O] Q1 
[  5] Utilization = 1.00 | pJ/Compute =  140.661 | L5[WIO] N2 - L4[W] C4 N16Y C16X - L3[O] N2 C4 - L2[W] Q1 - L1[I] Q1 - L0[O] Q1 
[  2] Utilization = 0.50 | pJ/Compute =  142.264 | L5[WIO] N4 - L4[W] C2 N8Y C16X - L3[O] C8 - L2[W] N2 - L1[I] Q1 - L0[O] Q1 
[  4] Utilization = 0.50 | pJ/Compute =  142.568 | L5[WIO] N2 C8 - L4[] C2 N8Y C16X - L3[O] N4 - L2[W] Q1 - L1[I] Q1 - L0[O] Q1 
[  2] Utilization = 1.00 | pJ/Compute =  144.860 | L5[WIO] N2 - L4[] C2 N16Y C16X - L3[O] N2 C8 - L2[W] Q1 - L1[I] Q1 - L0[O] Q1 
[  2] Utilization = 1.00 | pJ/Compute =  140.312 | L5[WIO] N2 - L4[W] C2 N16Y C16X - L3[O] N2 C8 - L2[W] Q1 - L1[I] Q1 - L0[O] Q1 
[  4] Utilization = 0.50 | pJ/Compute =  140.446 | L5[WIO] Q1 - L4[] C16 N8Y C16X - L3[O] N4 - L2[W] N2 - L1[I] Q1 - L0[O] Q1 
[  7] Utilization = 0.50 | pJ/Compute =  141.297 | L5[WIO] N2 - L4[W] Q1 N8Y C16X - L3[O] N4 C16 - L2[W] Q1 - L1[I] Q1 - L0[O] Q1 
[  3] Utilization = 1.00 | pJ/Compute =  144.686 | L5[WIO] N4 - L4[] Q1 N16Y C16X - L3[O] C16 - L2[W] Q1 - L1[I] Q1 - L0[O] Q1 
[  3] Utilization = 1.00 | pJ/Compute =  140.138 | L5[WIO] N4 - L4[W] Q1 N16Y C16X - L3[O] C16 - L2[W] Q1 - L1[I] Q1 - L0[O] Q1 
[  7] Utilization = 0.50 | pJ/Compute =  140.446 | L5[WIO] Q1 - L4[] C16 N8Y C16X - L3[O] N8 - L2[W] Q1 - L1[I] Q1 - L0[O] Q1 
[  4] Utilization = 1.00 | pJ/Compute =  144.860 | L5[WIO] N2 C2 - L4[] Q1 N16Y C16X - L3[O] N2 C8 - L2[W] Q1 - L1[I] Q1 - L0[O] Q1 
[  4] Utilization = 1.00 | pJ/Compute =  142.606 | L5[WIO] N2 C2 - L4[W] Q1 N16Y C16X - L3[O] N2 C8 - L2[W] Q1 - L1[I] Q1 - L0[O] Q1 
[  4] Utilization = 1.00 | pJ/Compute =  141.380 | L5[WIO] C2 N2 - L4[W] Q1 N16Y C16X - L3[O] N2 C8 - L2[W] Q1 - L1[I] Q1 - L0[O] Q1 
[  1] Utilization = 1.00 | pJ/Compute =  153.380 | L5[WIO] N2 C2 - L4[] C4 N2 N16Y C16X - L3[O] C2 - L2[W] Q1 - L1[I] Q1 - L0[O] Q1 
[  1] Utilization = 1.00 | pJ/Compute =  151.126 | L5[WIO] N2 C2 - L4[W] C4 N2 N16Y C16X - L3[O] C2 - L2[W] Q1 - L1[I] Q1 - L0[O] Q1 
[  1] Utilization = 1.00 | pJ/Compute =  147.548 | L5[WIO] N2 C2 - L4[O] C4 N2 N16Y C16X - L3[O] C2 - L2[W] Q1 - L1[I] Q1 - L0[O] Q1 
[  1] Utilization = 1.00 | pJ/Compute =  145.928 | L5[WIO] C2 N2 - L4[] N2 C4 N16Y C16X - L3[O] C2 - L2[W] Q1 - L1[I] Q1 - L0[O] Q1 
[  1] Utilization = 1.00 | pJ/Compute =  141.380 | L5[WIO] C2 N2 - L4[W] N2 C4 N16Y C16X - L3[O] C2 - L2[W] Q1 - L1[I] Q1 - L0[O] Q1 
[  7] Utilization = 1.00 | pJ/Compute =  145.928 | L5[WIO] N2 C2 - L4[] N2 C2 N16Y C16X - L3[O] C4 - L2[W] Q1 - L1[I] Q1 - L0[O] Q1 
[  7] Utilization = 1.00 | pJ/Compute =  143.674 | L5[WIO] N2 C2 - L4[W] N2 C2 N16Y C16X - L3[O] C4 - L2[W] Q1 - L1[I] Q1 - L0[O] Q1 
[  7] Utilization = 1.00 | pJ/Compute =  141.380 | L5[WIO] C2 N2 - L4[W] N2 C2 N16Y C16X - L3[O] C4 - L2[W] Q1 - L1[I] Q1 - L0[O] Q1 
[  0] Utilization = 1.00 | pJ/Compute =  142.812 | L5[WIO] N2 - L4[] C16 N16Y C16X - L3[O] N2 - L2[W] Q1 - L1[I] Q1 - L0[O] Q1 
[  0] Utilization = 1.00 | pJ/Compute =  141.685 | L5[WIO] N2 - L4[W] C16 N16Y C16X - L3[O] N2 - L2[W] Q1 - L1[I] Q1 - L0[O] Q1 
[  4] Utilization = 1.00 | pJ/Compute =  140.568 | L5[WIO] C4 - L4[] C2 N16Y C16X - L3[O] C2 - L2[W] N4 - L1[I] Q1 - L0[O] Q1 
[  7] Utilization = 1.00 | pJ/Compute =  140.568 | L5[WIO] C2 - L4[] C8 N16Y C16X - L3[O] Q1 - L2[W] N4 - L1[I] Q1 - L0[O] Q1 
[  7] Utilization = 1.00 | pJ/Compute =  140.138 | L5[WIO] Q1 - L4[W] N4 N16Y C16X - L3[O] C16 - L2[W] Q1 - L1[I] Q1 - L0[O] Q1 
[  6] STATEMENT: 3000 suboptimal mappings found since the last upgrade, terminating search.
[  0] Utilization = 1.00 | pJ/Compute =  140.661 | L5[WIO] C4 - L4[W] Q1 N16Y C16X - L3[O] N4 C4 - L2[W] Q1 - L1[I] Q1 - L0[O] Q1 
[  2] Utilization = 1.00 | pJ/Compute =  140.138 | L5[WIO] N4 - L4[W] C4 N16Y C16X - L3[O] C4 - L2[W] Q1 - L1[I] Q1 - L0[O] Q1 
[  4] Utilization = 1.00 | pJ/Compute =  140.138 | L5[WIO] N4 - L4[W] C8 N16Y C16X - L3[O] C2 - L2[W] Q1 - L1[I] Q1 - L0[O] Q1 
[  5] Utilization = 1.00 | pJ/Compute =  140.138 | L5[WIO] N4 - L4[W] C16 N16Y C16X - L3[O] Q1 - L2[W] Q1 - L1[I] Q1 - L0[O] Q1 
[  3] STATEMENT: 3000 suboptimal mappings found since the last upgrade, terminating search.
[  1] Utilization = 1.00 | pJ/Compute =  140.568 | L5[WIO] C16 - L4[] Q1 N16Y C16X - L3[O] Q1 - L2[W] N4 - L1[I] Q1 - L0[O] Q1 
[  0] Utilization = 1.00 | pJ/Compute =  140.138 | L5[WIO] Q1 - L4[W] N4 C8 N16Y C16X - L3[O] C2 - L2[W] Q1 - L1[I] Q1 - L0[O] Q1 
[  1] Utilization = 1.00 | pJ/Compute =  140.138 | L5[WIO] Q1 - L4[W] N4 C16 N16Y C16X - L3[O] Q1 - L2[W] Q1 - L1[I] Q1 - L0[O] Q1 
[  7] STATEMENT: 3000 suboptimal mappings found since the last upgrade, terminating search.
[  2] STATEMENT: 3000 suboptimal mappings found since the last upgrade, terminating search.
[  4] STATEMENT: 3000 suboptimal mappings found since the last upgrade, terminating search.
[  5] STATEMENT: 3000 suboptimal mappings found since the last upgrade, terminating search.
[  0] STATEMENT: 3000 suboptimal mappings found since the last upgrade, terminating search.
[  1] STATEMENT: 3000 suboptimal mappings found since the last upgrade, terminating search.
